Using pre-set license
Built from '2022.3/staging' branch; Version is '2022.3.43f1 (85497d293fa1) revision 8735101'; Using compiler version '192829333'; Build Type 'Release'
OS: 'Windows 11  (10.0.22631) 64bit Core' Language: 'pl' Physical Memory: 32452 MB
BatchMode: 1, IsHumanControllingUs: 0, StartBugReporterOnCrash: 0, Is64bit: 1, IsPro: 1

COMMAND LINE ARGUMENTS:
C:\Program Files\Unity 2022.3.43f1\Editor\Unity.exe
-adb2
-batchMode
-noUpm
-name
AssetImportWorker2
-projectPath
D:/programowanie/ROK III/SEMESTR V/VR/VR_LAB/Lab02/Island
-logFile
Logs/AssetImportWorker2.log
-srvPort
53061
Successfully changed project path to: D:/programowanie/ROK III/SEMESTR V/VR/VR_LAB/Lab02/Island
D:/programowanie/ROK III/SEMESTR V/VR/VR_LAB/Lab02/Island
[UnityMemory] Configuration Parameters - Can be set up in boot.config
    "memorysetup-bucket-allocator-granularity=16"
    "memorysetup-bucket-allocator-bucket-count=8"
    "memorysetup-bucket-allocator-block-size=33554432"
    "memorysetup-bucket-allocator-block-count=8"
    "memorysetup-main-allocator-block-size=16777216"
    "memorysetup-thread-allocator-block-size=16777216"
    "memorysetup-gfx-main-allocator-block-size=16777216"
    "memorysetup-gfx-thread-allocator-block-size=16777216"
    "memorysetup-cache-allocator-block-size=4194304"
    "memorysetup-typetree-allocator-block-size=2097152"
    "memorysetup-profiler-bucket-allocator-granularity=16"
    "memorysetup-profiler-bucket-allocator-bucket-count=8"
    "memorysetup-profiler-bucket-allocator-block-size=33554432"
    "memorysetup-profiler-bucket-allocator-block-count=8"
    "memorysetup-profiler-allocator-block-size=16777216"
    "memorysetup-profiler-editor-allocator-block-size=1048576"
    "memorysetup-temp-allocator-size-main=16777216"
    "memorysetup-job-temp-allocator-block-size=2097152"
    "memorysetup-job-temp-allocator-block-size-background=1048576"
    "memorysetup-job-temp-allocator-reduction-small-platforms=262144"
    "memorysetup-allocator-temp-initial-block-size-main=262144"
    "memorysetup-allocator-temp-initial-block-size-worker=262144"
    "memorysetup-temp-allocator-size-background-worker=32768"
    "memorysetup-temp-allocator-size-job-worker=262144"
    "memorysetup-temp-allocator-size-preload-manager=33554432"
    "memorysetup-temp-allocator-size-nav-mesh-worker=65536"
    "memorysetup-temp-allocator-size-audio-worker=65536"
    "memorysetup-temp-allocator-size-cloud-worker=32768"
    "memorysetup-temp-allocator-size-gi-baking-worker=262144"
    "memorysetup-temp-allocator-size-gfx=262144"
Player connection [34664]  Target information:

Player connection [34664]  * "[IP] 192.168.0.229 [Port] 0 [Flags] 2 [Guid] 2814713075 [EditorId] 2814713075 [Version] 1048832 [Id] WindowsEditor(7,KarolDell) [Debug] 1 [PackageName] WindowsEditor [ProjectName] Editor" 

Player connection [34664]  * "[IP] 192.168.56.1 [Port] 0 [Flags] 2 [Guid] 2814713075 [EditorId] 2814713075 [Version] 1048832 [Id] WindowsEditor(7,KarolDell) [Debug] 1 [PackageName] WindowsEditor [ProjectName] Editor" 

Player connection [34664]  * "[IP] 26.99.211.124 [Port] 0 [Flags] 2 [Guid] 2814713075 [EditorId] 2814713075 [Version] 1048832 [Id] WindowsEditor(7,KarolDell) [Debug] 1 [PackageName] WindowsEditor [ProjectName] Editor" 

Player connection [34664] Host joined multi-casting on [225.0.0.222:54997]...
Player connection [34664] Host joined alternative multi-casting on [225.0.0.222:34997]...
[PhysX] Initialized MultithreadedTaskDispatcher with 32 workers.
Refreshing native plugins compatible for Editor in 5.16 ms, found 3 plugins.
Preloading 0 native plugins for Editor in 0.00 ms.
Initialize engine version: 2022.3.43f1 (85497d293fa1)
[Subsystems] Discovering subsystems at path C:/Program Files/Unity 2022.3.43f1/Editor/Data/Resources/UnitySubsystems
[Subsystems] Discovering subsystems at path D:/programowanie/ROK III/SEMESTR V/VR/VR_LAB/Lab02/Island/Assets
GfxDevice: creating device client; threaded=0; jobified=0
Direct3D:
    Version:  Direct3D 11.0 [level 11.1]
    Renderer: NVIDIA GeForce RTX 4070 Laptop GPU (ID=0x2860)
    Vendor:   NVIDIA
    VRAM:     7948 MB
    Driver:   32.0.15.6590
Initialize mono
Mono path[0] = 'C:/Program Files/Unity 2022.3.43f1/Editor/Data/Managed'
Mono path[1] = 'C:/Program Files/Unity 2022.3.43f1/Editor/Data/MonoBleedingEdge/lib/mono/unityjit-win32'
Mono config path = 'C:/Program Files/Unity 2022.3.43f1/Editor/Data/MonoBleedingEdge/etc'
Using monoOptions --debugger-agent=transport=dt_socket,embedding=1,server=y,suspend=n,address=127.0.0.1:56660
Begin MonoManager ReloadAssembly
Registering precompiled unity dll's ...
Register platform support module: C:/Program Files/Unity 2022.3.43f1/Editor/Data/PlaybackEngines/WindowsStandaloneSupport/UnityEditor.WindowsStandalone.Extensions.dll
Registered in 0.004389 seconds.
- Loaded All Assemblies, in  0.580 seconds
Native extension for WindowsStandalone target not found
Mono: successfully reloaded assembly
- Finished resetting the current domain, in  0.203 seconds
Domain Reload Profiling: 781ms
	BeginReloadAssembly (264ms)
		ExecutionOrderSort (0ms)
		DisableScriptedObjects (0ms)
		BackupInstance (0ms)
		ReleaseScriptingObjects (0ms)
		CreateAndSetChildDomain (2ms)
	RebuildCommonClasses (39ms)
	RebuildNativeTypeToScriptingClass (9ms)
	initialDomainReloadingComplete (58ms)
	LoadAllAssembliesAndSetupDomain (208ms)
		LoadAssemblies (263ms)
		RebuildTransferFunctionScriptingTraits (0ms)
		AnalyzeDomain (205ms)
			TypeCache.Refresh (204ms)
				TypeCache.ScanAssembly (189ms)
			ScanForSourceGeneratedMonoScriptInfo (0ms)
			ResolveRequiredComponents (0ms)
	FinalizeReload (203ms)
		ReleaseScriptCaches (0ms)
		RebuildScriptCaches (0ms)
		SetupLoadedEditorAssemblies (170ms)
			LogAssemblyErrors (0ms)
			InitializePlatformSupportModulesInManaged (6ms)
			SetLoadedEditorAssemblies (5ms)
			RefreshPlugins (0ms)
			BeforeProcessingInitializeOnLoad (1ms)
			ProcessInitializeOnLoadAttributes (107ms)
			ProcessInitializeOnLoadMethodAttributes (51ms)
			AfterProcessingInitializeOnLoad (0ms)
			EditorAssembliesLoaded (0ms)
		ExecutionOrderSort2 (0ms)
		AwakeInstancesAfterBackupRestoration (0ms)
========================================================================
Worker process is ready to serve import requests
Caller must complete domain reload
Begin MonoManager ReloadAssembly
- Loaded All Assemblies, in  0.548 seconds
Native extension for WindowsStandalone target not found
Package Manager log level set to [2]
[Package Manager] Server::EnsureServerProcessIsRunning -- launch failed, reason: Unity was launched with the -noUpm command-line argument
[Package Manager] UpmClient::Send -- Unable to send message (not connected to UPM process).
[Package Manager] Cannot connect to Unity Package Manager local server
Mono: successfully reloaded assembly
- Finished resetting the current domain, in  0.375 seconds
Domain Reload Profiling: 922ms
	BeginReloadAssembly (128ms)
		ExecutionOrderSort (0ms)
		DisableScriptedObjects (4ms)
		BackupInstance (0ms)
		ReleaseScriptingObjects (0ms)
		CreateAndSetChildDomain (14ms)
	RebuildCommonClasses (30ms)
	RebuildNativeTypeToScriptingClass (7ms)
	initialDomainReloadingComplete (28ms)
	LoadAllAssembliesAndSetupDomain (354ms)
		LoadAssemblies (308ms)
		RebuildTransferFunctionScriptingTraits (0ms)
		AnalyzeDomain (120ms)
			TypeCache.Refresh (103ms)
				TypeCache.ScanAssembly (93ms)
			ScanForSourceGeneratedMonoScriptInfo (13ms)
			ResolveRequiredComponents (3ms)
	FinalizeReload (376ms)
		ReleaseScriptCaches (0ms)
		RebuildScriptCaches (0ms)
		SetupLoadedEditorAssemblies (290ms)
			LogAssemblyErrors (0ms)
			InitializePlatformSupportModulesInManaged (4ms)
			SetLoadedEditorAssemblies (3ms)
			RefreshPlugins (0ms)
			BeforeProcessingInitializeOnLoad (38ms)
			ProcessInitializeOnLoadAttributes (227ms)
			ProcessInitializeOnLoadMethodAttributes (14ms)
			AfterProcessingInitializeOnLoad (4ms)
			EditorAssembliesLoaded (0ms)
		ExecutionOrderSort2 (0ms)
		AwakeInstancesAfterBackupRestoration (4ms)
Launched and connected shader compiler UnityShaderCompiler.exe after 0.09 seconds
Refreshing native plugins compatible for Editor in 2.72 ms, found 3 plugins.
Preloading 0 native plugins for Editor in 0.00 ms.
Unloading 3098 Unused Serialized files (Serialized files now loaded: 0)
Unloading 19 unused Assets / (54.6 KB). Loaded Objects now: 3581.
Memory consumption went from 129.6 MB to 129.6 MB.
Total: 4.286200 ms (FindLiveObjects: 0.308500 ms CreateObjectMapping: 0.095700 ms MarkObjects: 3.792900 ms  DeleteObjects: 0.087700 ms)

AssetImportParameters requested are different than current active one (requested -> active):
  custom:container-demuxer-ogg: 62fdf1f143b41e24485cea50d1cbac27 -> 
  custom:video-codec-MediaFoundation-h265: 746d11721c4dcdbdad8f713fa42b33f4 -> 
  custom:video-decoder-ogg-theora: a1e56fd34408186e4bbccfd4996cb3dc -> 
  custom:framework-win-MediaFoundation: 216162199b28c13a410421893ffa2e32 -> 
  custom:CustomObjectIndexerAttribute: 9a22284fe3817be447336de3de66b15e -> 
  custom:container-demuxer-webm: 4f35f7cbe854078d1ac9338744f61a02 -> 
  custom:container-muxer-webm: aa71ff27fc2769a1b78a27578f13a17b -> 
  custom:video-decoder-webm-vp8: 9c59270c3fd7afecdb556c50c9e8de78 -> 
  custom:SearchIndexIgnoredProperties: e643bd26f0fe6173181afceb89e7c659 -> 
  custom:AudioImporter_EditorPlatform: d09bf68614088b80899f8185d706f6e7 -> 
  custom:video-encoder-webm-vp8: eb34c28f22e8b96e1ab97ce403110664 -> 
  custom:audio-decoder-ogg-vorbis: bf7c407c2cedff20999df2af8eb42d56 -> 
  custom:audio-encoder-webm-vorbis: bf7c407c2cedff20999df2af8eb42d56 -> 
========================================================================
Received Import Request.
  Time since last request: 7368.714628 seconds.
  path: Assets/Terrain/Terrain/Palm/Palm_Desktop_Atlas_Billboards.tga
  artifactKey: Guid(a9c35d1eec67849419bd87d162ba90a7) Importer(815301076,1909f56bfc062723c751e8b465ee728b)
Start importing Assets/Terrain/Terrain/Palm/Palm_Desktop_Atlas_Billboards.tga using Guid(a9c35d1eec67849419bd87d162ba90a7) Importer(815301076,1909f56bfc062723c751e8b465ee728b) [PhysX] Initialized MultithreadedTaskDispatcher with 32 workers.
[PhysX] Initialized MultithreadedTaskDispatcher with 32 workers.
 -> (artifact id: 'b47001b4b8e1eaaa142c643c906c975a') in 0.058689 seconds
Number of updated asset objects reloaded before import = 0
Number of asset objects unloaded after import = 2
========================================================================
Received Import Request.
  Time since last request: 6.953883 seconds.
  path: Assets/Terrain/Terrain/Palm/PalmBark.tga
  artifactKey: Guid(dd49a2ed5943a014e8d933ff5381281a) Importer(815301076,1909f56bfc062723c751e8b465ee728b)
Start importing Assets/Terrain/Terrain/Palm/PalmBark.tga using Guid(dd49a2ed5943a014e8d933ff5381281a) Importer(815301076,1909f56bfc062723c751e8b465ee728b) [PhysX] Initialized MultithreadedTaskDispatcher with 32 workers.
[PhysX] Initialized MultithreadedTaskDispatcher with 32 workers.
 -> (artifact id: '566eb18403444619311385b1400926a9') in 0.015987 seconds
Number of updated asset objects reloaded before import = 0
Number of asset objects unloaded after import = 2
========================================================================
Received Import Request.
  Time since last request: 0.599669 seconds.
  path: Assets/Terrain/Terrain/Palm/PalmBark_Detail_Normal.tga
  artifactKey: Guid(bf4c945c1f5a9b74bb15ab0c7f238617) Importer(815301076,1909f56bfc062723c751e8b465ee728b)
Start importing Assets/Terrain/Terrain/Palm/PalmBark_Detail_Normal.tga using Guid(bf4c945c1f5a9b74bb15ab0c7f238617) Importer(815301076,1909f56bfc062723c751e8b465ee728b) [PhysX] Initialized MultithreadedTaskDispatcher with 32 workers.
[PhysX] Initialized MultithreadedTaskDispatcher with 32 workers.
 -> (artifact id: 'aae54ef3574bd8fd7b782ca4840e266b') in 0.016591 seconds
Number of updated asset objects reloaded before import = 0
Number of asset objects unloaded after import = 2
========================================================================
Received Import Request.
  Time since last request: 0.330263 seconds.
  path: Assets/Terrain/Terrain/Palm/PalmFrond.tga
  artifactKey: Guid(b87734d3c84dd1c43bd931282e470145) Importer(815301076,1909f56bfc062723c751e8b465ee728b)
Start importing Assets/Terrain/Terrain/Palm/PalmFrond.tga using Guid(b87734d3c84dd1c43bd931282e470145) Importer(815301076,1909f56bfc062723c751e8b465ee728b) [PhysX] Initialized MultithreadedTaskDispatcher with 32 workers.
[PhysX] Initialized MultithreadedTaskDispatcher with 32 workers.
 -> (artifact id: '9301e27d761fb8bf09c5a37193814f1f') in 0.015966 seconds
Number of updated asset objects reloaded before import = 0
Number of asset objects unloaded after import = 2
========================================================================
Received Import Request.
  Time since last request: 0.558658 seconds.
  path: Assets/Terrain/Terrain/Palm/PalmFrond_Spec.tga
  artifactKey: Guid(3e27d9cfd3a59af4ebdf7444f6f57620) Importer(815301076,1909f56bfc062723c751e8b465ee728b)
Start importing Assets/Terrain/Terrain/Palm/PalmFrond_Spec.tga using Guid(3e27d9cfd3a59af4ebdf7444f6f57620) Importer(815301076,1909f56bfc062723c751e8b465ee728b) [PhysX] Initialized MultithreadedTaskDispatcher with 32 workers.
[PhysX] Initialized MultithreadedTaskDispatcher with 32 workers.
 -> (artifact id: '6fb69b1f63f5fe952cb0516cec596df1') in 0.015940 seconds
Number of updated asset objects reloaded before import = 0
Number of asset objects unloaded after import = 2
========================================================================
Received Import Request.
  Time since last request: 82.773385 seconds.
  path: Assets/Terrain/Terrain/Water/Textures/WaterProNighttimeGradient.psd
  artifactKey: Guid(b725b62cfc9d04e4886735ab2a8107d1) Importer(815301076,1909f56bfc062723c751e8b465ee728b)
Start importing Assets/Terrain/Terrain/Water/Textures/WaterProNighttimeGradient.psd using Guid(b725b62cfc9d04e4886735ab2a8107d1) Importer(815301076,1909f56bfc062723c751e8b465ee728b) [PhysX] Initialized MultithreadedTaskDispatcher with 32 workers.
[PhysX] Initialized MultithreadedTaskDispatcher with 32 workers.
 -> (artifact id: '3a3b42edf3114cea8b425a6a44f059ca') in 0.012190 seconds
Number of updated asset objects reloaded before import = 0
Number of asset objects unloaded after import = 2
========================================================================
Received Import Request.
  Time since last request: 1071.968642 seconds.
  path: Assets/Terrain/Terrain/Palm/Thumb_Palm_Desktop.jpg
  artifactKey: Guid(a6e42589b1029ec4d962f422f92e554a) Importer(815301076,1909f56bfc062723c751e8b465ee728b)
Start importing Assets/Terrain/Terrain/Palm/Thumb_Palm_Desktop.jpg using Guid(a6e42589b1029ec4d962f422f92e554a) Importer(815301076,1909f56bfc062723c751e8b465ee728b) [PhysX] Initialized MultithreadedTaskDispatcher with 32 workers.
[PhysX] Initialized MultithreadedTaskDispatcher with 32 workers.
 -> (artifact id: '1ab63b5a2c482e658326f2590971c647') in 0.017381 seconds
Number of updated asset objects reloaded before import = 0
Number of asset objects unloaded after import = 2
========================================================================
Received Import Request.
  Time since last request: 134.157010 seconds.
  path: Assets/Terrain/Terrain/Water/Prefabs/WaterProDaytime.prefab
  artifactKey: Guid(780611a67e8e941a2b3aa96e5915a793) Importer(815301076,1909f56bfc062723c751e8b465ee728b)
Start importing Assets/Terrain/Terrain/Water/Prefabs/WaterProDaytime.prefab using Guid(780611a67e8e941a2b3aa96e5915a793) Importer(815301076,1909f56bfc062723c751e8b465ee728b) [PhysX] Initialized MultithreadedTaskDispatcher with 32 workers.
[PhysX] Initialized MultithreadedTaskDispatcher with 32 workers.
 -> (artifact id: '222925152a1f9a08a1871033f9227b38') in 0.046718 seconds
Number of updated asset objects reloaded before import = 0
Number of asset objects unloaded after import = 12
========================================================================
Received Import Request.
  Time since last request: 0.000017 seconds.
  path: Assets/Terrain/Terrain/Water/Prefabs/WaterProNighttime.prefab
  artifactKey: Guid(bcae914220acd4907840a029bb9d9aec) Importer(815301076,1909f56bfc062723c751e8b465ee728b)
Start importing Assets/Terrain/Terrain/Water/Prefabs/WaterProNighttime.prefab using Guid(bcae914220acd4907840a029bb9d9aec) Importer(815301076,1909f56bfc062723c751e8b465ee728b) [PhysX] Initialized MultithreadedTaskDispatcher with 32 workers.
[PhysX] Initialized MultithreadedTaskDispatcher with 32 workers.
 -> (artifact id: 'abe75a45dec4365ff45fe8533a2623c8') in 0.014060 seconds
Number of updated asset objects reloaded before import = 0
Number of asset objects unloaded after import = 12
========================================================================
Received Prepare
Caller must complete domain reload
Begin MonoManager ReloadAssembly
- Loaded All Assemblies, in  0.283 seconds
Native extension for WindowsStandalone target not found
[Package Manager] Server::EnsureServerProcessIsRunning -- launch failed, reason: Unity was launched with the -noUpm command-line argument
[Package Manager] UpmClient::Send -- Unable to send message (not connected to UPM process).
[Package Manager] Cannot connect to Unity Package Manager local server
Mono: successfully reloaded assembly
- Finished resetting the current domain, in  0.612 seconds
Domain Reload Profiling: 894ms
	BeginReloadAssembly (107ms)
		ExecutionOrderSort (0ms)
		DisableScriptedObjects (2ms)
		BackupInstance (0ms)
		ReleaseScriptingObjects (0ms)
		CreateAndSetChildDomain (25ms)
	RebuildCommonClasses (21ms)
	RebuildNativeTypeToScriptingClass (7ms)
	initialDomainReloadingComplete (19ms)
	LoadAllAssembliesAndSetupDomain (128ms)
		LoadAssemblies (175ms)
		RebuildTransferFunctionScriptingTraits (0ms)
		AnalyzeDomain (8ms)
			TypeCache.Refresh (4ms)
				TypeCache.ScanAssembly (0ms)
			ScanForSourceGeneratedMonoScriptInfo (0ms)
			ResolveRequiredComponents (3ms)
	FinalizeReload (612ms)
		ReleaseScriptCaches (0ms)
		RebuildScriptCaches (0ms)
		SetupLoadedEditorAssemblies (322ms)
			LogAssemblyErrors (0ms)
			InitializePlatformSupportModulesInManaged (4ms)
			SetLoadedEditorAssemblies (4ms)
			RefreshPlugins (0ms)
			BeforeProcessingInitializeOnLoad (42ms)
			ProcessInitializeOnLoadAttributes (249ms)
			ProcessInitializeOnLoadMethodAttributes (18ms)
			AfterProcessingInitializeOnLoad (5ms)
			EditorAssembliesLoaded (0ms)
		ExecutionOrderSort2 (0ms)
		AwakeInstancesAfterBackupRestoration (5ms)
Refreshing native plugins compatible for Editor in 1.79 ms, found 3 plugins.
Preloading 0 native plugins for Editor in 0.00 ms.
Unloading 3089 Unused Serialized files (Serialized files now loaded: 0)
Unloading 14 unused Assets / (28.6 KB). Loaded Objects now: 3597.
Memory consumption went from 132.8 MB to 132.8 MB.
Total: 2.233300 ms (FindLiveObjects: 0.166500 ms CreateObjectMapping: 0.049800 ms MarkObjects: 1.982700 ms  DeleteObjects: 0.033400 ms)

Prepare: number of updated asset objects reloaded= 0
AssetImportParameters requested are different than current active one (requested -> active):
  custom:container-demuxer-ogg: 62fdf1f143b41e24485cea50d1cbac27 -> 
  custom:video-codec-MediaFoundation-h265: 746d11721c4dcdbdad8f713fa42b33f4 -> 
  custom:video-decoder-ogg-theora: a1e56fd34408186e4bbccfd4996cb3dc -> 
  custom:framework-win-MediaFoundation: 216162199b28c13a410421893ffa2e32 -> 
  custom:CustomObjectIndexerAttribute: 9a22284fe3817be447336de3de66b15e -> 
  custom:container-demuxer-webm: 4f35f7cbe854078d1ac9338744f61a02 -> 
  custom:container-muxer-webm: aa71ff27fc2769a1b78a27578f13a17b -> 
  custom:video-decoder-webm-vp8: 9c59270c3fd7afecdb556c50c9e8de78 -> 
  custom:SearchIndexIgnoredProperties: e643bd26f0fe6173181afceb89e7c659 -> 
  custom:AudioImporter_EditorPlatform: d09bf68614088b80899f8185d706f6e7 -> 
  custom:video-encoder-webm-vp8: eb34c28f22e8b96e1ab97ce403110664 -> 
  custom:audio-decoder-ogg-vorbis: bf7c407c2cedff20999df2af8eb42d56 -> 
  custom:audio-encoder-webm-vorbis: bf7c407c2cedff20999df2af8eb42d56 -> 
========================================================================
Received Prepare
Caller must complete domain reload
Begin MonoManager ReloadAssembly
- Loaded All Assemblies, in  0.348 seconds
Native extension for WindowsStandalone target not found
[ScriptCompilation] NOT recompiling all scripts because this is an import worker process. Reason to compile was: Define symbols changed
System.ArgumentException: There is no a valid NamedBuildTarget for BuildTargetGroup 'PSM'
  at UnityEditor.Build.NamedBuildTarget.FromBuildTargetGroup (UnityEditor.BuildTargetGroup buildTargetGroup) [0x00159] in <8d33a6384e1148858f2e669234fa89ff>:0 
  at UnityEditor.PlayerSettings.GetScriptingDefineSymbolsForGroup (UnityEditor.BuildTargetGroup targetGroup) [0x00000] in <8d33a6384e1148858f2e669234fa89ff>:0 
  at UnityStandardAssets.CrossPlatformInput.Inspector.CrossPlatformInitialize.GetDefinesList (UnityEditor.BuildTargetGroup group) [0x00000] in D:\programowanie\ROK III\SEMESTR V\VR\VR_LAB\Lab02\Island\Assets\Standard Assets\Editor\CrossPlatformInput\CrossPlatformInputInitialize.cs:134 
  at UnityStandardAssets.CrossPlatformInput.Inspector.CrossPlatformInitialize.SetEnabled (System.String defineName, System.Boolean enable, System.Boolean mobile) [0x00018] in D:\programowanie\ROK III\SEMESTR V\VR\VR_LAB\Lab02\Island\Assets\Standard Assets\Editor\CrossPlatformInput\CrossPlatformInputInitialize.cs:106 
  at UnityStandardAssets.CrossPlatformInput.Inspector.CrossPlatformInitialize..cctor () [0x00050] in D:\programowanie\ROK III\SEMESTR V\VR\VR_LAB\Lab02\Island\Assets\Standard Assets\Editor\CrossPlatformInput\CrossPlatformInputInitialize.cs:22 
UnityEngine.StackTraceUtility:ExtractStackTrace ()
UnityEngine.DebugLogHandler:LogFormat (UnityEngine.LogType,UnityEngine.Object,string,object[])
UnityEngine.Logger:Log (UnityEngine.LogType,object)
UnityEngine.Debug:LogError (object)
UnityEditor.EditorAssemblies:ProcessInitializeOnLoadAttributes (System.Type[])

[Package Manager] Server::EnsureServerProcessIsRunning -- launch failed, reason: Unity was launched with the -noUpm command-line argument
[Package Manager] UpmClient::Send -- Unable to send message (not connected to UPM process).
[Package Manager] Cannot connect to Unity Package Manager local server
Mono: successfully reloaded assembly
- Finished resetting the current domain, in  0.748 seconds
Domain Reload Profiling: 1094ms
	BeginReloadAssembly (119ms)
		ExecutionOrderSort (0ms)
		DisableScriptedObjects (4ms)
		BackupInstance (0ms)
		ReleaseScriptingObjects (0ms)
		CreateAndSetChildDomain (23ms)
	RebuildCommonClasses (27ms)
	RebuildNativeTypeToScriptingClass (7ms)
	initialDomainReloadingComplete (26ms)
	LoadAllAssembliesAndSetupDomain (168ms)
		LoadAssemblies (214ms)
		RebuildTransferFunctionScriptingTraits (0ms)
		AnalyzeDomain (22ms)
			TypeCache.Refresh (8ms)
				TypeCache.ScanAssembly (1ms)
			ScanForSourceGeneratedMonoScriptInfo (7ms)
			ResolveRequiredComponents (5ms)
	FinalizeReload (748ms)
		ReleaseScriptCaches (0ms)
		RebuildScriptCaches (0ms)
		SetupLoadedEditorAssemblies (403ms)
			LogAssemblyErrors (0ms)
			InitializePlatformSupportModulesInManaged (6ms)
			SetLoadedEditorAssemblies (2ms)
			RefreshPlugins (0ms)
			BeforeProcessingInitializeOnLoad (47ms)
			ProcessInitializeOnLoadAttributes (328ms)
			ProcessInitializeOnLoadMethodAttributes (15ms)
			AfterProcessingInitializeOnLoad (4ms)
			EditorAssembliesLoaded (0ms)
		ExecutionOrderSort2 (0ms)
		AwakeInstancesAfterBackupRestoration (4ms)
Refreshing native plugins compatible for Editor in 2.96 ms, found 3 plugins.
Preloading 0 native plugins for Editor in 0.00 ms.
Unloading 3130 Unused Serialized files (Serialized files now loaded: 0)
Unloading 14 unused Assets / (28.5 KB). Loaded Objects now: 3640.
Memory consumption went from 133.9 MB to 133.8 MB.
Total: 2.847500 ms (FindLiveObjects: 0.175300 ms CreateObjectMapping: 0.064600 ms MarkObjects: 2.568700 ms  DeleteObjects: 0.037800 ms)

Prepare: number of updated asset objects reloaded= 0
AssetImportParameters requested are different than current active one (requested -> active):
  custom:scripting/monoscript/fileName/MobileInput.cs: 916a9248ab1eb3f0d791859f028e70d8 -> 
  custom:scripting/monoscript/fileName/InputAxisScrollbar.cs: ac9f721155332e2772dc111905c4d583 -> 
  custom:container-demuxer-ogg: 62fdf1f143b41e24485cea50d1cbac27 -> 
  custom:scripting/monoscript/fileName/ActivateTrigger.cs: c17dbf6ebd3571655102669753f97191 -> 
  custom:scripting/monoscript/fileName/WaypointCircuit.cs: eb0e609150550e528225b682103b43f4 -> 
  custom:scripting/monoscript/fileName/ParticleSystemDestroyer.cs: 4a3ccd840619c24dbe6ed070600d5d9e -> 
  custom:scripting/monoscript/fileName/CrossPlatformInputInitialize.cs: 5298687dc61bd38df93e503be0cd027b -> 
  custom:scripting/monoscript/fileName/CrossPlatformInputManager.cs: 6de8af81d021eaf9393099950d116e92 -> 
  custom:scripting/monoscript/fileName/DragRigidbody.cs: 4603c3af3f13916f3fa935f6c699052a -> 
  custom:video-codec-MediaFoundation-h265: 746d11721c4dcdbdad8f713fa42b33f4 -> 
  custom:scripting/precompiled-assembly-types:Assembly-CSharp-Editor-firstpass: df2cb57b2e044dd624e2e45b210213b9 -> 
  custom:video-decoder-ogg-theora: a1e56fd34408186e4bbccfd4996cb3dc -> 
  custom:framework-win-MediaFoundation: 216162199b28c13a410421893ffa2e32 -> 
  custom:scripting/precompiled-assembly-types:Assembly-CSharp-firstpass: cee547ca4f19291e546b24039d43ec05 -> 
  custom:scripting/monoscript/fileName/TouchPad.cs: 6807f02d81a6bfd6af95f1e26dad1c08 -> 
  custom:scripting/monoscript/fileName/TiltInput.cs: 1820939af3f541157a2fe21edb2c5afd -> 
  custom:scripting/monoscript/fileName/RigidbodyFirstPersonController.cs: ace2a793a454b629c5b1d471baf52a02 -> 
  custom:scripting/monoscript/fileName/SmoothFollow.cs: 6827ffa1ee9ce151924316a12a17fd6f -> 
  custom:CustomObjectIndexerAttribute: 9a22284fe3817be447336de3de66b15e -> 
  custom:scripting/monoscript/fileName/DynamicShadowSettings.cs: 4d386fbb6170c62321b4d131fcbbb95b -> 
  custom:scripting/monoscript/fileName/CurveControlledBob.cs: fd3c34ca61c0dfb6328f54c1782436be -> 
  custom:scripting/monoscript/fileName/AutoMobileShaderSwitch.cs: 99d7aaf020e3cf1646695822196b7aba -> 
  custom:scripting/monoscript/fileName/AlphaButtonClickMask.cs: d9b1e64559b9156677fa9de4d563dc4f -> 
  custom:container-demuxer-webm: 4f35f7cbe854078d1ac9338744f61a02 -> 
  custom:scripting/monoscript/fileName/StandaloneInput.cs: 88b73dc74cc44043423a370601c3162d -> 
  custom:scripting/monoscript/fileName/FOVKick.cs: d136c86792778333cf463e29c8f7ade6 -> 
  custom:scripting/monoscript/fileName/TimedObjectActivator.cs: bb1df94b2d6347fcdbe73f799d3ca657 -> 
  custom:scripting/monoscript/fileName/WaypointProgressTracker.cs: 4258c6b0386daa037a45b680ab62a1e0 -> 
  custom:scripting/monoscript/fileName/SimpleMouseRotator.cs: dba573bcb546f175149e62ba814f5b72 -> 
  custom:container-muxer-webm: aa71ff27fc2769a1b78a27578f13a17b -> 
  custom:video-decoder-webm-vp8: 9c59270c3fd7afecdb556c50c9e8de78 -> 
  custom:scripting/monoscript/fileName/CameraRefocus.cs: ad0ece5675b71eb36894f0c255f332e4 -> 
  custom:SearchIndexIgnoredProperties: e643bd26f0fe6173181afceb89e7c659 -> 
  custom:scripting/monoscript/fileName/TimedObjectDestructor.cs: 2b9ef5c24d8ac1876bcac32bfbb70091 -> 
  custom:AudioImporter_EditorPlatform: d09bf68614088b80899f8185d706f6e7 -> 
  custom:scripting/monoscript/fileName/MobileControlRig.cs: edcf953c7c7f28c0e7c76ed3794b771a -> 
  custom:scripting/monoscript/fileName/ForcedReset.cs: 5ff613fa73995367b603682b60bcea24 -> 
  custom:scripting/monoscript/fileName/EventSystemChecker.cs: 8ff64b04718551a6bca2d6f2b6f6ea6e -> 
  custom:scripting/monoscript/fileName/VirtualInput.cs: dc5775c312c5ecb7052c36f3d3ca27fc -> 
  custom:scripting/monoscript/fileName/MouseLook.cs: 36c3836205aea061e755e4bcfebbe89c -> 
  custom:scripting/monoscript/fileName/SimpleActivatorMenu.cs: 1f886f09fd047de86975dc92f0781ec6 -> 
  custom:scripting/monoscript/fileName/FPSCounter.cs: 61325357dea45ada3313f117fe0f7127 -> 
  custom:scripting/monoscript/fileName/LerpControlledBob.cs: e1bf67f0a3095bf49332446dc0219443 -> 
  custom:scripting/monoscript/fileName/ButtonHandler.cs: bf99f15b4b4da7541cf1a3227d33dba4 -> 
  custom:video-encoder-webm-vp8: eb34c28f22e8b96e1ab97ce403110664 -> 
  custom:audio-decoder-ogg-vorbis: bf7c407c2cedff20999df2af8eb42d56 -> 
  custom:scripting/monoscript/fileName/AxisTouchButton.cs: a7aa800e764d8b80087fc24ac7f59d30 -> 
  custom:scripting/monoscript/fileName/FollowTarget.cs: b1a6ed13124065658ba5d24dfcda5053 -> 
  custom:scripting/monoscript/fileName/FirstPersonController.cs: 1e0da09e3242489bf669acc330e4a42a -> 
  custom:scripting/monoscript/fileName/Joystick.cs: 11af4b90318823aa68a285f0f2d513aa -> 
  custom:audio-encoder-webm-vorbis: bf7c407c2cedff20999df2af8eb42d56 -> 
  custom:scripting/monoscript/fileName/PlatformSpecificContent.cs: d80b16e46fa47259f162b60d4de03e39 -> 
  custom:scripting/monoscript/fileName/AutoMoveAndRotate.cs: cadb60ca81f0fa092bfbe6288b868ff7 -> 
  custom:scripting/monoscript/fileName/HeadBob.cs: 280e62205361a81182004909e3cfba7a -> 
  custom:scripting/monoscript/fileName/ObjectResetter.cs: 4729f3c5ec4320f6d42859ed0a7e4fcc -> 
========================================================================
Received Prepare
Caller must complete domain reload
Begin MonoManager ReloadAssembly
- Loaded All Assemblies, in  0.315 seconds
Native extension for WindowsStandalone target not found
[ScriptCompilation] NOT recompiling all scripts because this is an import worker process. Reason to compile was: Define symbols changed
System.ArgumentException: There is no a valid NamedBuildTarget for BuildTargetGroup 'PSM'
  at UnityEditor.Build.NamedBuildTarget.FromBuildTargetGroup (UnityEditor.BuildTargetGroup buildTargetGroup) [0x00159] in <8d33a6384e1148858f2e669234fa89ff>:0 
  at UnityEditor.PlayerSettings.GetScriptingDefineSymbolsForGroup (UnityEditor.BuildTargetGroup targetGroup) [0x00000] in <8d33a6384e1148858f2e669234fa89ff>:0 
  at UnityStandardAssets.CrossPlatformInput.Inspector.CrossPlatformInitialize.GetDefinesList (UnityEditor.BuildTargetGroup group) [0x00000] in D:\programowanie\ROK III\SEMESTR V\VR\VR_LAB\Lab02\Island\Assets\Standard Assets\Editor\CrossPlatformInput\CrossPlatformInputInitialize.cs:134 
  at UnityStandardAssets.CrossPlatformInput.Inspector.CrossPlatformInitialize.SetEnabled (System.String defineName, System.Boolean enable, System.Boolean mobile) [0x00018] in D:\programowanie\ROK III\SEMESTR V\VR\VR_LAB\Lab02\Island\Assets\Standard Assets\Editor\CrossPlatformInput\CrossPlatformInputInitialize.cs:106 
  at UnityStandardAssets.CrossPlatformInput.Inspector.CrossPlatformInitialize..cctor () [0x00050] in D:\programowanie\ROK III\SEMESTR V\VR\VR_LAB\Lab02\Island\Assets\Standard Assets\Editor\CrossPlatformInput\CrossPlatformInputInitialize.cs:22 
UnityEngine.StackTraceUtility:ExtractStackTrace ()
UnityEngine.DebugLogHandler:LogFormat (UnityEngine.LogType,UnityEngine.Object,string,object[])
UnityEngine.Logger:Log (UnityEngine.LogType,object)
UnityEngine.Debug:LogError (object)
UnityEditor.EditorAssemblies:ProcessInitializeOnLoadAttributes (System.Type[])

[Package Manager] Server::EnsureServerProcessIsRunning -- launch failed, reason: Unity was launched with the -noUpm command-line argument
[Package Manager] UpmClient::Send -- Unable to send message (not connected to UPM process).
[Package Manager] Cannot connect to Unity Package Manager local server
Mono: successfully reloaded assembly
- Finished resetting the current domain, in  0.611 seconds
Domain Reload Profiling: 925ms
	BeginReloadAssembly (94ms)
		ExecutionOrderSort (0ms)
		DisableScriptedObjects (2ms)
		BackupInstance (0ms)
		ReleaseScriptingObjects (0ms)
		CreateAndSetChildDomain (17ms)
	RebuildCommonClasses (20ms)
	RebuildNativeTypeToScriptingClass (7ms)
	initialDomainReloadingComplete (19ms)
	LoadAllAssembliesAndSetupDomain (175ms)
		LoadAssemblies (175ms)
		RebuildTransferFunctionScriptingTraits (0ms)
		AnalyzeDomain (52ms)
			TypeCache.Refresh (40ms)
				TypeCache.ScanAssembly (33ms)
			ScanForSourceGeneratedMonoScriptInfo (7ms)
			ResolveRequiredComponents (3ms)
	FinalizeReload (611ms)
		ReleaseScriptCaches (0ms)
		RebuildScriptCaches (0ms)
		SetupLoadedEditorAssemblies (293ms)
			LogAssemblyErrors (0ms)
			InitializePlatformSupportModulesInManaged (5ms)
			SetLoadedEditorAssemblies (2ms)
			RefreshPlugins (0ms)
			BeforeProcessingInitializeOnLoad (44ms)
			ProcessInitializeOnLoadAttributes (225ms)
			ProcessInitializeOnLoadMethodAttributes (13ms)
			AfterProcessingInitializeOnLoad (4ms)
			EditorAssembliesLoaded (0ms)
		ExecutionOrderSort2 (0ms)
		AwakeInstancesAfterBackupRestoration (4ms)
Refreshing native plugins compatible for Editor in 1.72 ms, found 3 plugins.
Preloading 0 native plugins for Editor in 0.00 ms.
Unloading 3130 Unused Serialized files (Serialized files now loaded: 0)
Unloading 14 unused Assets / (28.5 KB). Loaded Objects now: 3643.
Memory consumption went from 133.9 MB to 133.8 MB.
Total: 2.094600 ms (FindLiveObjects: 0.156900 ms CreateObjectMapping: 0.044400 ms MarkObjects: 1.858300 ms  DeleteObjects: 0.034200 ms)

Prepare: number of updated asset objects reloaded= 0
AssetImportParameters requested are different than current active one (requested -> active):
  custom:scripting/monoscript/fileName/MobileInput.cs: 916a9248ab1eb3f0d791859f028e70d8 -> 
  custom:scripting/monoscript/fileName/InputAxisScrollbar.cs: ac9f721155332e2772dc111905c4d583 -> 
  custom:container-demuxer-ogg: 62fdf1f143b41e24485cea50d1cbac27 -> 
  custom:scripting/monoscript/fileName/ActivateTrigger.cs: c17dbf6ebd3571655102669753f97191 -> 
  custom:scripting/monoscript/fileName/WaypointCircuit.cs: eb0e609150550e528225b682103b43f4 -> 
  custom:scripting/monoscript/fileName/ParticleSystemDestroyer.cs: 4a3ccd840619c24dbe6ed070600d5d9e -> 
  custom:scripting/monoscript/fileName/CrossPlatformInputInitialize.cs: 5298687dc61bd38df93e503be0cd027b -> 
  custom:scripting/monoscript/fileName/CrossPlatformInputManager.cs: 6de8af81d021eaf9393099950d116e92 -> 
  custom:scripting/monoscript/fileName/DragRigidbody.cs: 4603c3af3f13916f3fa935f6c699052a -> 
  custom:video-codec-MediaFoundation-h265: 746d11721c4dcdbdad8f713fa42b33f4 -> 
  custom:scripting/precompiled-assembly-types:Assembly-CSharp-Editor-firstpass: df2cb57b2e044dd624e2e45b210213b9 -> 
  custom:video-decoder-ogg-theora: a1e56fd34408186e4bbccfd4996cb3dc -> 
  custom:framework-win-MediaFoundation: 216162199b28c13a410421893ffa2e32 -> 
  custom:scripting/precompiled-assembly-types:Assembly-CSharp-firstpass: cee547ca4f19291e546b24039d43ec05 -> 
  custom:scripting/monoscript/fileName/TouchPad.cs: 6807f02d81a6bfd6af95f1e26dad1c08 -> 
  custom:scripting/monoscript/fileName/TiltInput.cs: 1820939af3f541157a2fe21edb2c5afd -> 
  custom:scripting/monoscript/fileName/RigidbodyFirstPersonController.cs: ace2a793a454b629c5b1d471baf52a02 -> 
  custom:scripting/monoscript/fileName/SmoothFollow.cs: 6827ffa1ee9ce151924316a12a17fd6f -> 
  custom:CustomObjectIndexerAttribute: 9a22284fe3817be447336de3de66b15e -> 
  custom:scripting/monoscript/fileName/DynamicShadowSettings.cs: 4d386fbb6170c62321b4d131fcbbb95b -> 
  custom:scripting/monoscript/fileName/CurveControlledBob.cs: fd3c34ca61c0dfb6328f54c1782436be -> 
  custom:scripting/monoscript/fileName/AutoMobileShaderSwitch.cs: 99d7aaf020e3cf1646695822196b7aba -> 
  custom:scripting/monoscript/fileName/AlphaButtonClickMask.cs: d9b1e64559b9156677fa9de4d563dc4f -> 
  custom:container-demuxer-webm: 4f35f7cbe854078d1ac9338744f61a02 -> 
  custom:scripting/monoscript/fileName/StandaloneInput.cs: 88b73dc74cc44043423a370601c3162d -> 
  custom:scripting/monoscript/fileName/FOVKick.cs: d136c86792778333cf463e29c8f7ade6 -> 
  custom:scripting/monoscript/fileName/TimedObjectActivator.cs: bb1df94b2d6347fcdbe73f799d3ca657 -> 
  custom:scripting/monoscript/fileName/WaypointProgressTracker.cs: 4258c6b0386daa037a45b680ab62a1e0 -> 
  custom:scripting/monoscript/fileName/SimpleMouseRotator.cs: dba573bcb546f175149e62ba814f5b72 -> 
  custom:container-muxer-webm: aa71ff27fc2769a1b78a27578f13a17b -> 
  custom:video-decoder-webm-vp8: 9c59270c3fd7afecdb556c50c9e8de78 -> 
  custom:scripting/monoscript/fileName/CameraRefocus.cs: ad0ece5675b71eb36894f0c255f332e4 -> 
  custom:SearchIndexIgnoredProperties: e643bd26f0fe6173181afceb89e7c659 -> 
  custom:scripting/monoscript/fileName/TimedObjectDestructor.cs: 2b9ef5c24d8ac1876bcac32bfbb70091 -> 
  custom:AudioImporter_EditorPlatform: d09bf68614088b80899f8185d706f6e7 -> 
  custom:scripting/monoscript/fileName/MobileControlRig.cs: edcf953c7c7f28c0e7c76ed3794b771a -> 
  custom:scripting/monoscript/fileName/ForcedReset.cs: 5ff613fa73995367b603682b60bcea24 -> 
  custom:scripting/monoscript/fileName/EventSystemChecker.cs: 8ff64b04718551a6bca2d6f2b6f6ea6e -> 
  custom:scripting/monoscript/fileName/VirtualInput.cs: dc5775c312c5ecb7052c36f3d3ca27fc -> 
  custom:scripting/monoscript/fileName/MouseLook.cs: 36c3836205aea061e755e4bcfebbe89c -> 
  custom:scripting/monoscript/fileName/SimpleActivatorMenu.cs: 1f886f09fd047de86975dc92f0781ec6 -> 
  custom:scripting/monoscript/fileName/FPSCounter.cs: 61325357dea45ada3313f117fe0f7127 -> 
  custom:scripting/monoscript/fileName/LerpControlledBob.cs: e1bf67f0a3095bf49332446dc0219443 -> 
  custom:scripting/monoscript/fileName/ButtonHandler.cs: bf99f15b4b4da7541cf1a3227d33dba4 -> 
  custom:video-encoder-webm-vp8: eb34c28f22e8b96e1ab97ce403110664 -> 
  custom:audio-decoder-ogg-vorbis: bf7c407c2cedff20999df2af8eb42d56 -> 
  custom:scripting/monoscript/fileName/AxisTouchButton.cs: a7aa800e764d8b80087fc24ac7f59d30 -> 
  custom:scripting/monoscript/fileName/FollowTarget.cs: b1a6ed13124065658ba5d24dfcda5053 -> 
  custom:scripting/monoscript/fileName/FirstPersonController.cs: 1e0da09e3242489bf669acc330e4a42a -> 
  custom:scripting/monoscript/fileName/Joystick.cs: 11af4b90318823aa68a285f0f2d513aa -> 
  custom:audio-encoder-webm-vorbis: bf7c407c2cedff20999df2af8eb42d56 -> 
  custom:scripting/monoscript/fileName/PlatformSpecificContent.cs: d80b16e46fa47259f162b60d4de03e39 -> 
  custom:scripting/monoscript/fileName/AutoMoveAndRotate.cs: cadb60ca81f0fa092bfbe6288b868ff7 -> 
  custom:scripting/monoscript/fileName/HeadBob.cs: 280e62205361a81182004909e3cfba7a -> 
  custom:scripting/monoscript/fileName/ObjectResetter.cs: 4729f3c5ec4320f6d42859ed0a7e4fcc -> 
========================================================================
Received Import Request.
  Time since last request: 1406.454562 seconds.
  path: Assets/Standard Assets/Characters/FirstPersonCharacter/Prefabs/RigidBodyFPSController.prefab
  artifactKey: Guid(c6453f8e1f814744d8b94e5a6d1f9942) Importer(815301076,1909f56bfc062723c751e8b465ee728b)
Start importing Assets/Standard Assets/Characters/FirstPersonCharacter/Prefabs/RigidBodyFPSController.prefab using Guid(c6453f8e1f814744d8b94e5a6d1f9942) Importer(815301076,1909f56bfc062723c751e8b465ee728b) [PhysX] Initialized MultithreadedTaskDispatcher with 32 workers.
 -> (artifact id: '469c5ffbea9769dfac9d40a89fecf235') in 0.020437 seconds
Number of updated asset objects reloaded before import = 0
Number of asset objects unloaded after import = 13
========================================================================
Received Import Request.
  Time since last request: 131.243244 seconds.
  path: Assets/Standard Assets/Characters/FirstPersonCharacter/Prefabs/RigidBodyFPSController.prefab
  artifactKey: Guid(c6453f8e1f814744d8b94e5a6d1f9942) Importer(815301076,1909f56bfc062723c751e8b465ee728b)
Start importing Assets/Standard Assets/Characters/FirstPersonCharacter/Prefabs/RigidBodyFPSController.prefab using Guid(c6453f8e1f814744d8b94e5a6d1f9942) Importer(815301076,1909f56bfc062723c751e8b465ee728b) [PhysX] Initialized MultithreadedTaskDispatcher with 32 workers.
 -> (artifact id: '469c5ffbea9769dfac9d40a89fecf235') in 0.002364 seconds
Number of updated asset objects reloaded before import = 0
Number of asset objects unloaded after import = 13
========================================================================
Received Prepare
Caller must complete domain reload
Begin MonoManager ReloadAssembly
- Loaded All Assemblies, in  0.270 seconds
Native extension for WindowsStandalone target not found
[Package Manager] Server::EnsureServerProcessIsRunning -- launch failed, reason: Unity was launched with the -noUpm command-line argument
[Package Manager] UpmClient::Send -- Unable to send message (not connected to UPM process).
[Package Manager] Cannot connect to Unity Package Manager local server
Mono: successfully reloaded assembly
- Finished resetting the current domain, in  0.630 seconds
Domain Reload Profiling: 899ms
	BeginReloadAssembly (102ms)
		ExecutionOrderSort (0ms)
		DisableScriptedObjects (2ms)
		BackupInstance (0ms)
		ReleaseScriptingObjects (0ms)
		CreateAndSetChildDomain (23ms)
	RebuildCommonClasses (20ms)
	RebuildNativeTypeToScriptingClass (7ms)
	initialDomainReloadingComplete (18ms)
	LoadAllAssembliesAndSetupDomain (122ms)
		LoadAssemblies (167ms)
		RebuildTransferFunctionScriptingTraits (0ms)
		AnalyzeDomain (9ms)
			TypeCache.Refresh (4ms)
				TypeCache.ScanAssembly (0ms)
			ScanForSourceGeneratedMonoScriptInfo (0ms)
			ResolveRequiredComponents (3ms)
	FinalizeReload (630ms)
		ReleaseScriptCaches (0ms)
		RebuildScriptCaches (0ms)
		SetupLoadedEditorAssemblies (312ms)
			LogAssemblyErrors (0ms)
			InitializePlatformSupportModulesInManaged (4ms)
			SetLoadedEditorAssemblies (2ms)
			RefreshPlugins (0ms)
			BeforeProcessingInitializeOnLoad (41ms)
			ProcessInitializeOnLoadAttributes (243ms)
			ProcessInitializeOnLoadMethodAttributes (16ms)
			AfterProcessingInitializeOnLoad (6ms)
			EditorAssembliesLoaded (0ms)
		ExecutionOrderSort2 (0ms)
		AwakeInstancesAfterBackupRestoration (5ms)
Refreshing native plugins compatible for Editor in 2.12 ms, found 3 plugins.
Preloading 0 native plugins for Editor in 0.00 ms.
Unloading 3129 Unused Serialized files (Serialized files now loaded: 0)
Unloading 14 unused Assets / (28.6 KB). Loaded Objects now: 3646.
Memory consumption went from 133.6 MB to 133.6 MB.
Total: 2.301400 ms (FindLiveObjects: 0.163400 ms CreateObjectMapping: 0.047200 ms MarkObjects: 2.053100 ms  DeleteObjects: 0.035500 ms)

Prepare: number of updated asset objects reloaded= 0
AssetImportParameters requested are different than current active one (requested -> active):
  custom:scripting/monoscript/fileName/MobileInput.cs: 916a9248ab1eb3f0d791859f028e70d8 -> 
  custom:scripting/monoscript/fileName/InputAxisScrollbar.cs: ac9f721155332e2772dc111905c4d583 -> 
  custom:container-demuxer-ogg: 62fdf1f143b41e24485cea50d1cbac27 -> 
  custom:scripting/monoscript/fileName/ActivateTrigger.cs: c17dbf6ebd3571655102669753f97191 -> 
  custom:scripting/monoscript/fileName/WaypointCircuit.cs: eb0e609150550e528225b682103b43f4 -> 
  custom:scripting/monoscript/fileName/ParticleSystemDestroyer.cs: 4a3ccd840619c24dbe6ed070600d5d9e -> 
  custom:scripting/monoscript/fileName/CrossPlatformInputInitialize.cs: 5298687dc61bd38df93e503be0cd027b -> 
  custom:scripting/monoscript/fileName/CrossPlatformInputManager.cs: 6de8af81d021eaf9393099950d116e92 -> 
  custom:scripting/monoscript/fileName/DragRigidbody.cs: 4603c3af3f13916f3fa935f6c699052a -> 
  custom:video-codec-MediaFoundation-h265: 746d11721c4dcdbdad8f713fa42b33f4 -> 
  custom:scripting/precompiled-assembly-types:Assembly-CSharp-Editor-firstpass: df2cb57b2e044dd624e2e45b210213b9 -> 
  custom:video-decoder-ogg-theora: a1e56fd34408186e4bbccfd4996cb3dc -> 
  custom:framework-win-MediaFoundation: 216162199b28c13a410421893ffa2e32 -> 
  custom:scripting/precompiled-assembly-types:Assembly-CSharp-firstpass: cee547ca4f19291e546b24039d43ec05 -> 
  custom:scripting/monoscript/fileName/TouchPad.cs: 6807f02d81a6bfd6af95f1e26dad1c08 -> 
  custom:scripting/monoscript/fileName/TiltInput.cs: 1820939af3f541157a2fe21edb2c5afd -> 
  custom:scripting/monoscript/fileName/RigidbodyFirstPersonController.cs: ace2a793a454b629c5b1d471baf52a02 -> 
  custom:scripting/monoscript/fileName/SmoothFollow.cs: 6827ffa1ee9ce151924316a12a17fd6f -> 
  custom:CustomObjectIndexerAttribute: 9a22284fe3817be447336de3de66b15e -> 
  custom:scripting/monoscript/fileName/DynamicShadowSettings.cs: 4d386fbb6170c62321b4d131fcbbb95b -> 
  custom:scripting/monoscript/fileName/CurveControlledBob.cs: fd3c34ca61c0dfb6328f54c1782436be -> 
  custom:scripting/monoscript/fileName/AutoMobileShaderSwitch.cs: 99d7aaf020e3cf1646695822196b7aba -> 
  custom:scripting/monoscript/fileName/AlphaButtonClickMask.cs: d9b1e64559b9156677fa9de4d563dc4f -> 
  custom:container-demuxer-webm: 4f35f7cbe854078d1ac9338744f61a02 -> 
  custom:scripting/monoscript/fileName/StandaloneInput.cs: 88b73dc74cc44043423a370601c3162d -> 
  custom:scripting/monoscript/fileName/FOVKick.cs: d136c86792778333cf463e29c8f7ade6 -> 
  custom:scripting/monoscript/fileName/TimedObjectActivator.cs: bb1df94b2d6347fcdbe73f799d3ca657 -> 
  custom:scripting/monoscript/fileName/WaypointProgressTracker.cs: 4258c6b0386daa037a45b680ab62a1e0 -> 
  custom:scripting/monoscript/fileName/SimpleMouseRotator.cs: dba573bcb546f175149e62ba814f5b72 -> 
  custom:container-muxer-webm: aa71ff27fc2769a1b78a27578f13a17b -> 
  custom:video-decoder-webm-vp8: 9c59270c3fd7afecdb556c50c9e8de78 -> 
  custom:scripting/monoscript/fileName/CameraRefocus.cs: ad0ece5675b71eb36894f0c255f332e4 -> 
  custom:SearchIndexIgnoredProperties: e643bd26f0fe6173181afceb89e7c659 -> 
  custom:scripting/monoscript/fileName/TimedObjectDestructor.cs: 2b9ef5c24d8ac1876bcac32bfbb70091 -> 
  custom:AudioImporter_EditorPlatform: d09bf68614088b80899f8185d706f6e7 -> 
  custom:scripting/monoscript/fileName/MobileControlRig.cs: edcf953c7c7f28c0e7c76ed3794b771a -> 
  custom:scripting/monoscript/fileName/ForcedReset.cs: 5ff613fa73995367b603682b60bcea24 -> 
  custom:scripting/monoscript/fileName/EventSystemChecker.cs: 8ff64b04718551a6bca2d6f2b6f6ea6e -> 
  custom:scripting/monoscript/fileName/VirtualInput.cs: dc5775c312c5ecb7052c36f3d3ca27fc -> 
  custom:scripting/monoscript/fileName/MouseLook.cs: 36c3836205aea061e755e4bcfebbe89c -> 
  custom:scripting/monoscript/fileName/SimpleActivatorMenu.cs: 1f886f09fd047de86975dc92f0781ec6 -> 
  custom:scripting/monoscript/fileName/FPSCounter.cs: 61325357dea45ada3313f117fe0f7127 -> 
  custom:scripting/monoscript/fileName/LerpControlledBob.cs: e1bf67f0a3095bf49332446dc0219443 -> 
  custom:scripting/monoscript/fileName/ButtonHandler.cs: bf99f15b4b4da7541cf1a3227d33dba4 -> 
  custom:video-encoder-webm-vp8: eb34c28f22e8b96e1ab97ce403110664 -> 
  custom:audio-decoder-ogg-vorbis: bf7c407c2cedff20999df2af8eb42d56 -> 
  custom:scripting/monoscript/fileName/AxisTouchButton.cs: a7aa800e764d8b80087fc24ac7f59d30 -> 
  custom:scripting/monoscript/fileName/FollowTarget.cs: b1a6ed13124065658ba5d24dfcda5053 -> 
  custom:scripting/monoscript/fileName/FirstPersonController.cs: 1e0da09e3242489bf669acc330e4a42a -> 
  custom:scripting/monoscript/fileName/Joystick.cs: 11af4b90318823aa68a285f0f2d513aa -> 
  custom:audio-encoder-webm-vorbis: bf7c407c2cedff20999df2af8eb42d56 -> 
  custom:scripting/monoscript/fileName/PlatformSpecificContent.cs: d80b16e46fa47259f162b60d4de03e39 -> 
  custom:scripting/monoscript/fileName/AutoMoveAndRotate.cs: cadb60ca81f0fa092bfbe6288b868ff7 -> 
  custom:scripting/monoscript/fileName/HeadBob.cs: 280e62205361a81182004909e3cfba7a -> 
  custom:scripting/monoscript/fileName/ObjectResetter.cs: 4729f3c5ec4320f6d42859ed0a7e4fcc -> 
========================================================================
Received Import Request.
  Time since last request: 3.899608 seconds.
  path: Assets/Standard Assets/Characters/FirstPersonCharacter/Prefabs/FPSController.prefab
  artifactKey: Guid(5e9e851c0e142814dac026a256ba2ac0) Importer(815301076,1909f56bfc062723c751e8b465ee728b)
Start importing Assets/Standard Assets/Characters/FirstPersonCharacter/Prefabs/FPSController.prefab using Guid(5e9e851c0e142814dac026a256ba2ac0) Importer(815301076,1909f56bfc062723c751e8b465ee728b) [PhysX] Initialized MultithreadedTaskDispatcher with 32 workers.
 -> (artifact id: '14266f2e652e91fd756d05c20398a8a7') in 0.022558 seconds
Number of updated asset objects reloaded before import = 0
Number of asset objects unloaded after import = 13
========================================================================
Received Import Request.
  Time since last request: 24.882625 seconds.
  path: Assets/Standard Assets/Characters/FirstPersonCharacter/Prefabs/RigidBodyFPSController.prefab
  artifactKey: Guid(c6453f8e1f814744d8b94e5a6d1f9942) Importer(815301076,1909f56bfc062723c751e8b465ee728b)
Start importing Assets/Standard Assets/Characters/FirstPersonCharacter/Prefabs/RigidBodyFPSController.prefab using Guid(c6453f8e1f814744d8b94e5a6d1f9942) Importer(815301076,1909f56bfc062723c751e8b465ee728b) [PhysX] Initialized MultithreadedTaskDispatcher with 32 workers.
 -> (artifact id: '469c5ffbea9769dfac9d40a89fecf235') in 0.003165 seconds
Number of updated asset objects reloaded before import = 0
Number of asset objects unloaded after import = 13
========================================================================
Received Prepare
Caller must complete domain reload
Begin MonoManager ReloadAssembly
- Loaded All Assemblies, in  0.270 seconds
Native extension for WindowsStandalone target not found
[Package Manager] Server::EnsureServerProcessIsRunning -- launch failed, reason: Unity was launched with the -noUpm command-line argument
[Package Manager] UpmClient::Send -- Unable to send message (not connected to UPM process).
[Package Manager] Cannot connect to Unity Package Manager local server
Mono: successfully reloaded assembly
- Finished resetting the current domain, in  0.564 seconds
Domain Reload Profiling: 833ms
	BeginReloadAssembly (97ms)
		ExecutionOrderSort (0ms)
		DisableScriptedObjects (2ms)
		BackupInstance (0ms)
		ReleaseScriptingObjects (0ms)
		CreateAndSetChildDomain (19ms)
	RebuildCommonClasses (20ms)
	RebuildNativeTypeToScriptingClass (7ms)
	initialDomainReloadingComplete (18ms)
	LoadAllAssembliesAndSetupDomain (126ms)
		LoadAssemblies (170ms)
		RebuildTransferFunctionScriptingTraits (0ms)
		AnalyzeDomain (9ms)
			TypeCache.Refresh (4ms)
				TypeCache.ScanAssembly (0ms)
			ScanForSourceGeneratedMonoScriptInfo (0ms)
			ResolveRequiredComponents (3ms)
	FinalizeReload (564ms)
		ReleaseScriptCaches (0ms)
		RebuildScriptCaches (0ms)
		SetupLoadedEditorAssemblies (296ms)
			LogAssemblyErrors (0ms)
			InitializePlatformSupportModulesInManaged (4ms)
			SetLoadedEditorAssemblies (2ms)
			RefreshPlugins (0ms)
			BeforeProcessingInitializeOnLoad (37ms)
			ProcessInitializeOnLoadAttributes (232ms)
			ProcessInitializeOnLoadMethodAttributes (16ms)
			AfterProcessingInitializeOnLoad (5ms)
			EditorAssembliesLoaded (0ms)
		ExecutionOrderSort2 (0ms)
		AwakeInstancesAfterBackupRestoration (5ms)
Refreshing native plugins compatible for Editor in 2.28 ms, found 3 plugins.
Preloading 0 native plugins for Editor in 0.00 ms.
Unloading 3129 Unused Serialized files (Serialized files now loaded: 0)
Unloading 14 unused Assets / (28.6 KB). Loaded Objects now: 3649.
Memory consumption went from 133.6 MB to 133.6 MB.
Total: 2.223100 ms (FindLiveObjects: 0.159400 ms CreateObjectMapping: 0.046100 ms MarkObjects: 1.986600 ms  DeleteObjects: 0.030300 ms)

Prepare: number of updated asset objects reloaded= 0
AssetImportParameters requested are different than current active one (requested -> active):
  custom:scripting/monoscript/fileName/MobileInput.cs: 916a9248ab1eb3f0d791859f028e70d8 -> 
  custom:scripting/monoscript/fileName/InputAxisScrollbar.cs: ac9f721155332e2772dc111905c4d583 -> 
  custom:container-demuxer-ogg: 62fdf1f143b41e24485cea50d1cbac27 -> 
  custom:scripting/monoscript/fileName/ActivateTrigger.cs: c17dbf6ebd3571655102669753f97191 -> 
  custom:scripting/monoscript/fileName/WaypointCircuit.cs: eb0e609150550e528225b682103b43f4 -> 
  custom:scripting/monoscript/fileName/ParticleSystemDestroyer.cs: 4a3ccd840619c24dbe6ed070600d5d9e -> 
  custom:scripting/monoscript/fileName/CrossPlatformInputInitialize.cs: 5298687dc61bd38df93e503be0cd027b -> 
  custom:scripting/monoscript/fileName/CrossPlatformInputManager.cs: 6de8af81d021eaf9393099950d116e92 -> 
  custom:scripting/monoscript/fileName/DragRigidbody.cs: 4603c3af3f13916f3fa935f6c699052a -> 
  custom:video-codec-MediaFoundation-h265: 746d11721c4dcdbdad8f713fa42b33f4 -> 
  custom:scripting/precompiled-assembly-types:Assembly-CSharp-Editor-firstpass: df2cb57b2e044dd624e2e45b210213b9 -> 
  custom:video-decoder-ogg-theora: a1e56fd34408186e4bbccfd4996cb3dc -> 
  custom:framework-win-MediaFoundation: 216162199b28c13a410421893ffa2e32 -> 
  custom:scripting/precompiled-assembly-types:Assembly-CSharp-firstpass: cee547ca4f19291e546b24039d43ec05 -> 
  custom:scripting/monoscript/fileName/TouchPad.cs: 6807f02d81a6bfd6af95f1e26dad1c08 -> 
  custom:scripting/monoscript/fileName/TiltInput.cs: 1820939af3f541157a2fe21edb2c5afd -> 
  custom:scripting/monoscript/fileName/RigidbodyFirstPersonController.cs: ace2a793a454b629c5b1d471baf52a02 -> 
  custom:scripting/monoscript/fileName/SmoothFollow.cs: 6827ffa1ee9ce151924316a12a17fd6f -> 
  custom:CustomObjectIndexerAttribute: 9a22284fe3817be447336de3de66b15e -> 
  custom:scripting/monoscript/fileName/DynamicShadowSettings.cs: 4d386fbb6170c62321b4d131fcbbb95b -> 
  custom:scripting/monoscript/fileName/CurveControlledBob.cs: fd3c34ca61c0dfb6328f54c1782436be -> 
  custom:scripting/monoscript/fileName/AutoMobileShaderSwitch.cs: 99d7aaf020e3cf1646695822196b7aba -> 
  custom:scripting/monoscript/fileName/AlphaButtonClickMask.cs: d9b1e64559b9156677fa9de4d563dc4f -> 
  custom:container-demuxer-webm: 4f35f7cbe854078d1ac9338744f61a02 -> 
  custom:scripting/monoscript/fileName/StandaloneInput.cs: 88b73dc74cc44043423a370601c3162d -> 
  custom:scripting/monoscript/fileName/FOVKick.cs: d136c86792778333cf463e29c8f7ade6 -> 
  custom:scripting/monoscript/fileName/TimedObjectActivator.cs: bb1df94b2d6347fcdbe73f799d3ca657 -> 
  custom:scripting/monoscript/fileName/WaypointProgressTracker.cs: 4258c6b0386daa037a45b680ab62a1e0 -> 
  custom:scripting/monoscript/fileName/SimpleMouseRotator.cs: dba573bcb546f175149e62ba814f5b72 -> 
  custom:container-muxer-webm: aa71ff27fc2769a1b78a27578f13a17b -> 
  custom:video-decoder-webm-vp8: 9c59270c3fd7afecdb556c50c9e8de78 -> 
  custom:scripting/monoscript/fileName/CameraRefocus.cs: ad0ece5675b71eb36894f0c255f332e4 -> 
  custom:SearchIndexIgnoredProperties: e643bd26f0fe6173181afceb89e7c659 -> 
  custom:scripting/monoscript/fileName/TimedObjectDestructor.cs: 2b9ef5c24d8ac1876bcac32bfbb70091 -> 
  custom:AudioImporter_EditorPlatform: d09bf68614088b80899f8185d706f6e7 -> 
  custom:scripting/monoscript/fileName/MobileControlRig.cs: edcf953c7c7f28c0e7c76ed3794b771a -> 
  custom:scripting/monoscript/fileName/ForcedReset.cs: 5ff613fa73995367b603682b60bcea24 -> 
  custom:scripting/monoscript/fileName/EventSystemChecker.cs: 8ff64b04718551a6bca2d6f2b6f6ea6e -> 
  custom:scripting/monoscript/fileName/VirtualInput.cs: dc5775c312c5ecb7052c36f3d3ca27fc -> 
  custom:scripting/monoscript/fileName/MouseLook.cs: 36c3836205aea061e755e4bcfebbe89c -> 
  custom:scripting/monoscript/fileName/SimpleActivatorMenu.cs: 1f886f09fd047de86975dc92f0781ec6 -> 
  custom:scripting/monoscript/fileName/FPSCounter.cs: 61325357dea45ada3313f117fe0f7127 -> 
  custom:scripting/monoscript/fileName/LerpControlledBob.cs: e1bf67f0a3095bf49332446dc0219443 -> 
  custom:scripting/monoscript/fileName/ButtonHandler.cs: bf99f15b4b4da7541cf1a3227d33dba4 -> 
  custom:video-encoder-webm-vp8: eb34c28f22e8b96e1ab97ce403110664 -> 
  custom:audio-decoder-ogg-vorbis: bf7c407c2cedff20999df2af8eb42d56 -> 
  custom:scripting/monoscript/fileName/AxisTouchButton.cs: a7aa800e764d8b80087fc24ac7f59d30 -> 
  custom:scripting/monoscript/fileName/FollowTarget.cs: b1a6ed13124065658ba5d24dfcda5053 -> 
  custom:scripting/monoscript/fileName/FirstPersonController.cs: 1e0da09e3242489bf669acc330e4a42a -> 
  custom:scripting/monoscript/fileName/Joystick.cs: 11af4b90318823aa68a285f0f2d513aa -> 
  custom:audio-encoder-webm-vorbis: bf7c407c2cedff20999df2af8eb42d56 -> 
  custom:scripting/monoscript/fileName/PlatformSpecificContent.cs: d80b16e46fa47259f162b60d4de03e39 -> 
  custom:scripting/monoscript/fileName/AutoMoveAndRotate.cs: cadb60ca81f0fa092bfbe6288b868ff7 -> 
  custom:scripting/monoscript/fileName/HeadBob.cs: 280e62205361a81182004909e3cfba7a -> 
  custom:scripting/monoscript/fileName/ObjectResetter.cs: 4729f3c5ec4320f6d42859ed0a7e4fcc -> 
========================================================================
Received Import Request.
  Time since last request: 37.886738 seconds.
  path: Assets/Standard Assets/Characters/FirstPersonCharacter/Prefabs/RigidBodyFPSController.prefab
  artifactKey: Guid(c6453f8e1f814744d8b94e5a6d1f9942) Importer(815301076,1909f56bfc062723c751e8b465ee728b)
Start importing Assets/Standard Assets/Characters/FirstPersonCharacter/Prefabs/RigidBodyFPSController.prefab using Guid(c6453f8e1f814744d8b94e5a6d1f9942) Importer(815301076,1909f56bfc062723c751e8b465ee728b) [PhysX] Initialized MultithreadedTaskDispatcher with 32 workers.
 -> (artifact id: '469c5ffbea9769dfac9d40a89fecf235') in 0.020644 seconds
Number of updated asset objects reloaded before import = 0
Number of asset objects unloaded after import = 13
========================================================================
Received Prepare
Caller must complete domain reload
Begin MonoManager ReloadAssembly
- Loaded All Assemblies, in  0.281 seconds
Native extension for WindowsStandalone target not found
[Package Manager] Server::EnsureServerProcessIsRunning -- launch failed, reason: Unity was launched with the -noUpm command-line argument
[Package Manager] UpmClient::Send -- Unable to send message (not connected to UPM process).
[Package Manager] Cannot connect to Unity Package Manager local server
Mono: successfully reloaded assembly
- Finished resetting the current domain, in  0.594 seconds
Domain Reload Profiling: 874ms
	BeginReloadAssembly (101ms)
		ExecutionOrderSort (0ms)
		DisableScriptedObjects (3ms)
		BackupInstance (0ms)
		ReleaseScriptingObjects (0ms)
		CreateAndSetChildDomain (19ms)
	RebuildCommonClasses (20ms)
	RebuildNativeTypeToScriptingClass (6ms)
	initialDomainReloadingComplete (18ms)
	LoadAllAssembliesAndSetupDomain (135ms)
		LoadAssemblies (182ms)
		RebuildTransferFunctionScriptingTraits (0ms)
		AnalyzeDomain (9ms)
			TypeCache.Refresh (4ms)
				TypeCache.ScanAssembly (0ms)
			ScanForSourceGeneratedMonoScriptInfo (0ms)
			ResolveRequiredComponents (4ms)
	FinalizeReload (594ms)
		ReleaseScriptCaches (0ms)
		RebuildScriptCaches (0ms)
		SetupLoadedEditorAssemblies (314ms)
			LogAssemblyErrors (0ms)
			InitializePlatformSupportModulesInManaged (4ms)
			SetLoadedEditorAssemblies (2ms)
			RefreshPlugins (0ms)
			BeforeProcessingInitializeOnLoad (41ms)
			ProcessInitializeOnLoadAttributes (243ms)
			ProcessInitializeOnLoadMethodAttributes (18ms)
			AfterProcessingInitializeOnLoad (5ms)
			EditorAssembliesLoaded (0ms)
		ExecutionOrderSort2 (0ms)
		AwakeInstancesAfterBackupRestoration (6ms)
Refreshing native plugins compatible for Editor in 1.80 ms, found 3 plugins.
Preloading 0 native plugins for Editor in 0.00 ms.
Unloading 3129 Unused Serialized files (Serialized files now loaded: 0)
Unloading 14 unused Assets / (28.6 KB). Loaded Objects now: 3652.
Memory consumption went from 133.6 MB to 133.6 MB.
Total: 2.577300 ms (FindLiveObjects: 0.153100 ms CreateObjectMapping: 0.040700 ms MarkObjects: 2.349500 ms  DeleteObjects: 0.033000 ms)

Prepare: number of updated asset objects reloaded= 0
AssetImportParameters requested are different than current active one (requested -> active):
  custom:scripting/monoscript/fileName/MobileInput.cs: 916a9248ab1eb3f0d791859f028e70d8 -> 
  custom:scripting/monoscript/fileName/InputAxisScrollbar.cs: ac9f721155332e2772dc111905c4d583 -> 
  custom:container-demuxer-ogg: 62fdf1f143b41e24485cea50d1cbac27 -> 
  custom:scripting/monoscript/fileName/ActivateTrigger.cs: c17dbf6ebd3571655102669753f97191 -> 
  custom:scripting/monoscript/fileName/WaypointCircuit.cs: eb0e609150550e528225b682103b43f4 -> 
  custom:scripting/monoscript/fileName/ParticleSystemDestroyer.cs: 4a3ccd840619c24dbe6ed070600d5d9e -> 
  custom:scripting/monoscript/fileName/CrossPlatformInputInitialize.cs: 5298687dc61bd38df93e503be0cd027b -> 
  custom:scripting/monoscript/fileName/CrossPlatformInputManager.cs: 6de8af81d021eaf9393099950d116e92 -> 
  custom:scripting/monoscript/fileName/DragRigidbody.cs: 4603c3af3f13916f3fa935f6c699052a -> 
  custom:video-codec-MediaFoundation-h265: 746d11721c4dcdbdad8f713fa42b33f4 -> 
  custom:scripting/precompiled-assembly-types:Assembly-CSharp-Editor-firstpass: df2cb57b2e044dd624e2e45b210213b9 -> 
  custom:video-decoder-ogg-theora: a1e56fd34408186e4bbccfd4996cb3dc -> 
  custom:framework-win-MediaFoundation: 216162199b28c13a410421893ffa2e32 -> 
  custom:scripting/precompiled-assembly-types:Assembly-CSharp-firstpass: cee547ca4f19291e546b24039d43ec05 -> 
  custom:scripting/monoscript/fileName/TouchPad.cs: 6807f02d81a6bfd6af95f1e26dad1c08 -> 
  custom:scripting/monoscript/fileName/TiltInput.cs: 1820939af3f541157a2fe21edb2c5afd -> 
  custom:scripting/monoscript/fileName/RigidbodyFirstPersonController.cs: ace2a793a454b629c5b1d471baf52a02 -> 
  custom:scripting/monoscript/fileName/SmoothFollow.cs: 6827ffa1ee9ce151924316a12a17fd6f -> 
  custom:CustomObjectIndexerAttribute: 9a22284fe3817be447336de3de66b15e -> 
  custom:scripting/monoscript/fileName/DynamicShadowSettings.cs: 4d386fbb6170c62321b4d131fcbbb95b -> 
  custom:scripting/monoscript/fileName/CurveControlledBob.cs: fd3c34ca61c0dfb6328f54c1782436be -> 
  custom:scripting/monoscript/fileName/AutoMobileShaderSwitch.cs: 99d7aaf020e3cf1646695822196b7aba -> 
  custom:scripting/monoscript/fileName/AlphaButtonClickMask.cs: d9b1e64559b9156677fa9de4d563dc4f -> 
  custom:container-demuxer-webm: 4f35f7cbe854078d1ac9338744f61a02 -> 
  custom:scripting/monoscript/fileName/StandaloneInput.cs: 88b73dc74cc44043423a370601c3162d -> 
  custom:scripting/monoscript/fileName/FOVKick.cs: d136c86792778333cf463e29c8f7ade6 -> 
  custom:scripting/monoscript/fileName/TimedObjectActivator.cs: bb1df94b2d6347fcdbe73f799d3ca657 -> 
  custom:scripting/monoscript/fileName/WaypointProgressTracker.cs: 4258c6b0386daa037a45b680ab62a1e0 -> 
  custom:scripting/monoscript/fileName/SimpleMouseRotator.cs: dba573bcb546f175149e62ba814f5b72 -> 
  custom:container-muxer-webm: aa71ff27fc2769a1b78a27578f13a17b -> 
  custom:video-decoder-webm-vp8: 9c59270c3fd7afecdb556c50c9e8de78 -> 
  custom:scripting/monoscript/fileName/CameraRefocus.cs: ad0ece5675b71eb36894f0c255f332e4 -> 
  custom:SearchIndexIgnoredProperties: e643bd26f0fe6173181afceb89e7c659 -> 
  custom:scripting/monoscript/fileName/TimedObjectDestructor.cs: 2b9ef5c24d8ac1876bcac32bfbb70091 -> 
  custom:AudioImporter_EditorPlatform: d09bf68614088b80899f8185d706f6e7 -> 
  custom:scripting/monoscript/fileName/MobileControlRig.cs: edcf953c7c7f28c0e7c76ed3794b771a -> 
  custom:scripting/monoscript/fileName/ForcedReset.cs: 5ff613fa73995367b603682b60bcea24 -> 
  custom:scripting/monoscript/fileName/EventSystemChecker.cs: 8ff64b04718551a6bca2d6f2b6f6ea6e -> 
  custom:scripting/monoscript/fileName/VirtualInput.cs: dc5775c312c5ecb7052c36f3d3ca27fc -> 
  custom:scripting/monoscript/fileName/MouseLook.cs: 36c3836205aea061e755e4bcfebbe89c -> 
  custom:scripting/monoscript/fileName/SimpleActivatorMenu.cs: 1f886f09fd047de86975dc92f0781ec6 -> 
  custom:scripting/monoscript/fileName/FPSCounter.cs: 61325357dea45ada3313f117fe0f7127 -> 
  custom:scripting/monoscript/fileName/LerpControlledBob.cs: e1bf67f0a3095bf49332446dc0219443 -> 
  custom:scripting/monoscript/fileName/ButtonHandler.cs: bf99f15b4b4da7541cf1a3227d33dba4 -> 
  custom:video-encoder-webm-vp8: eb34c28f22e8b96e1ab97ce403110664 -> 
  custom:audio-decoder-ogg-vorbis: bf7c407c2cedff20999df2af8eb42d56 -> 
  custom:scripting/monoscript/fileName/AxisTouchButton.cs: a7aa800e764d8b80087fc24ac7f59d30 -> 
  custom:scripting/monoscript/fileName/FollowTarget.cs: b1a6ed13124065658ba5d24dfcda5053 -> 
  custom:scripting/monoscript/fileName/FirstPersonController.cs: 1e0da09e3242489bf669acc330e4a42a -> 
  custom:scripting/monoscript/fileName/Joystick.cs: 11af4b90318823aa68a285f0f2d513aa -> 
  custom:audio-encoder-webm-vorbis: bf7c407c2cedff20999df2af8eb42d56 -> 
  custom:scripting/monoscript/fileName/PlatformSpecificContent.cs: d80b16e46fa47259f162b60d4de03e39 -> 
  custom:scripting/monoscript/fileName/AutoMoveAndRotate.cs: cadb60ca81f0fa092bfbe6288b868ff7 -> 
  custom:scripting/monoscript/fileName/HeadBob.cs: 280e62205361a81182004909e3cfba7a -> 
  custom:scripting/monoscript/fileName/ObjectResetter.cs: 4729f3c5ec4320f6d42859ed0a7e4fcc -> 
========================================================================
Received Import Request.
  Time since last request: 78.365501 seconds.
  path: Assets/Standard Assets/Characters/FirstPersonCharacter/Prefabs/FPSController.prefab
  artifactKey: Guid(5e9e851c0e142814dac026a256ba2ac0) Importer(815301076,1909f56bfc062723c751e8b465ee728b)
Start importing Assets/Standard Assets/Characters/FirstPersonCharacter/Prefabs/FPSController.prefab using Guid(5e9e851c0e142814dac026a256ba2ac0) Importer(815301076,1909f56bfc062723c751e8b465ee728b) [PhysX] Initialized MultithreadedTaskDispatcher with 32 workers.
 -> (artifact id: '14266f2e652e91fd756d05c20398a8a7') in 0.019353 seconds
Number of updated asset objects reloaded before import = 0
Number of asset objects unloaded after import = 13
========================================================================
Received Import Request.
  Time since last request: 19.997137 seconds.
  path: Assets/Standard Assets/Characters/FirstPersonCharacter/Prefabs/RigidBodyFPSController.prefab
  artifactKey: Guid(c6453f8e1f814744d8b94e5a6d1f9942) Importer(815301076,1909f56bfc062723c751e8b465ee728b)
Start importing Assets/Standard Assets/Characters/FirstPersonCharacter/Prefabs/RigidBodyFPSController.prefab using Guid(c6453f8e1f814744d8b94e5a6d1f9942) Importer(815301076,1909f56bfc062723c751e8b465ee728b) [PhysX] Initialized MultithreadedTaskDispatcher with 32 workers.
 -> (artifact id: '469c5ffbea9769dfac9d40a89fecf235') in 0.001969 seconds
Number of updated asset objects reloaded before import = 0
Number of asset objects unloaded after import = 13
========================================================================
Received Prepare
Caller must complete domain reload
Begin MonoManager ReloadAssembly
- Loaded All Assemblies, in  0.304 seconds
Native extension for WindowsStandalone target not found
[Package Manager] Server::EnsureServerProcessIsRunning -- launch failed, reason: Unity was launched with the -noUpm command-line argument
[Package Manager] UpmClient::Send -- Unable to send message (not connected to UPM process).
[Package Manager] Cannot connect to Unity Package Manager local server
Mono: successfully reloaded assembly
- Finished resetting the current domain, in  0.712 seconds
Domain Reload Profiling: 1015ms
	BeginReloadAssembly (104ms)
		ExecutionOrderSort (0ms)
		DisableScriptedObjects (3ms)
		BackupInstance (0ms)
		ReleaseScriptingObjects (0ms)
		CreateAndSetChildDomain (21ms)
	RebuildCommonClasses (20ms)
	RebuildNativeTypeToScriptingClass (7ms)
	initialDomainReloadingComplete (21ms)
	LoadAllAssembliesAndSetupDomain (151ms)
		LoadAssemblies (196ms)
		RebuildTransferFunctionScriptingTraits (0ms)
		AnalyzeDomain (11ms)
			TypeCache.Refresh (6ms)
				TypeCache.ScanAssembly (0ms)
			ScanForSourceGeneratedMonoScriptInfo (0ms)
			ResolveRequiredComponents (4ms)
	FinalizeReload (713ms)
		ReleaseScriptCaches (0ms)
		RebuildScriptCaches (0ms)
		SetupLoadedEditorAssemblies (345ms)
			LogAssemblyErrors (0ms)
			InitializePlatformSupportModulesInManaged (6ms)
			SetLoadedEditorAssemblies (3ms)
			RefreshPlugins (0ms)
			BeforeProcessingInitializeOnLoad (43ms)
			ProcessInitializeOnLoadAttributes (268ms)
			ProcessInitializeOnLoadMethodAttributes (20ms)
			AfterProcessingInitializeOnLoad (6ms)
			EditorAssembliesLoaded (0ms)
		ExecutionOrderSort2 (0ms)
		AwakeInstancesAfterBackupRestoration (7ms)
Refreshing native plugins compatible for Editor in 2.41 ms, found 3 plugins.
Preloading 0 native plugins for Editor in 0.00 ms.
Unloading 3129 Unused Serialized files (Serialized files now loaded: 0)
Unloading 14 unused Assets / (28.5 KB). Loaded Objects now: 3655.
Memory consumption went from 133.7 MB to 133.6 MB.
Total: 3.306000 ms (FindLiveObjects: 0.189500 ms CreateObjectMapping: 0.063800 ms MarkObjects: 3.013300 ms  DeleteObjects: 0.037500 ms)

Prepare: number of updated asset objects reloaded= 0
AssetImportParameters requested are different than current active one (requested -> active):
  custom:scripting/monoscript/fileName/MobileInput.cs: 916a9248ab1eb3f0d791859f028e70d8 -> 
  custom:scripting/monoscript/fileName/InputAxisScrollbar.cs: ac9f721155332e2772dc111905c4d583 -> 
  custom:container-demuxer-ogg: 62fdf1f143b41e24485cea50d1cbac27 -> 
  custom:scripting/monoscript/fileName/ActivateTrigger.cs: c17dbf6ebd3571655102669753f97191 -> 
  custom:scripting/monoscript/fileName/WaypointCircuit.cs: eb0e609150550e528225b682103b43f4 -> 
  custom:scripting/monoscript/fileName/ParticleSystemDestroyer.cs: 4a3ccd840619c24dbe6ed070600d5d9e -> 
  custom:scripting/monoscript/fileName/CrossPlatformInputInitialize.cs: 5298687dc61bd38df93e503be0cd027b -> 
  custom:scripting/monoscript/fileName/CrossPlatformInputManager.cs: 6de8af81d021eaf9393099950d116e92 -> 
  custom:scripting/monoscript/fileName/DragRigidbody.cs: 4603c3af3f13916f3fa935f6c699052a -> 
  custom:video-codec-MediaFoundation-h265: 746d11721c4dcdbdad8f713fa42b33f4 -> 
  custom:scripting/precompiled-assembly-types:Assembly-CSharp-Editor-firstpass: df2cb57b2e044dd624e2e45b210213b9 -> 
  custom:video-decoder-ogg-theora: a1e56fd34408186e4bbccfd4996cb3dc -> 
  custom:framework-win-MediaFoundation: 216162199b28c13a410421893ffa2e32 -> 
  custom:scripting/precompiled-assembly-types:Assembly-CSharp-firstpass: cee547ca4f19291e546b24039d43ec05 -> 
  custom:scripting/monoscript/fileName/TouchPad.cs: 6807f02d81a6bfd6af95f1e26dad1c08 -> 
  custom:scripting/monoscript/fileName/TiltInput.cs: 1820939af3f541157a2fe21edb2c5afd -> 
  custom:scripting/monoscript/fileName/RigidbodyFirstPersonController.cs: ace2a793a454b629c5b1d471baf52a02 -> 
  custom:scripting/monoscript/fileName/SmoothFollow.cs: 6827ffa1ee9ce151924316a12a17fd6f -> 
  custom:CustomObjectIndexerAttribute: 9a22284fe3817be447336de3de66b15e -> 
  custom:scripting/monoscript/fileName/DynamicShadowSettings.cs: 4d386fbb6170c62321b4d131fcbbb95b -> 
  custom:scripting/monoscript/fileName/CurveControlledBob.cs: fd3c34ca61c0dfb6328f54c1782436be -> 
  custom:scripting/monoscript/fileName/AutoMobileShaderSwitch.cs: 99d7aaf020e3cf1646695822196b7aba -> 
  custom:scripting/monoscript/fileName/AlphaButtonClickMask.cs: d9b1e64559b9156677fa9de4d563dc4f -> 
  custom:container-demuxer-webm: 4f35f7cbe854078d1ac9338744f61a02 -> 
  custom:scripting/monoscript/fileName/StandaloneInput.cs: 88b73dc74cc44043423a370601c3162d -> 
  custom:scripting/monoscript/fileName/FOVKick.cs: d136c86792778333cf463e29c8f7ade6 -> 
  custom:scripting/monoscript/fileName/TimedObjectActivator.cs: bb1df94b2d6347fcdbe73f799d3ca657 -> 
  custom:scripting/monoscript/fileName/WaypointProgressTracker.cs: 4258c6b0386daa037a45b680ab62a1e0 -> 
  custom:scripting/monoscript/fileName/SimpleMouseRotator.cs: dba573bcb546f175149e62ba814f5b72 -> 
  custom:container-muxer-webm: aa71ff27fc2769a1b78a27578f13a17b -> 
  custom:video-decoder-webm-vp8: 9c59270c3fd7afecdb556c50c9e8de78 -> 
  custom:scripting/monoscript/fileName/CameraRefocus.cs: ad0ece5675b71eb36894f0c255f332e4 -> 
  custom:SearchIndexIgnoredProperties: e643bd26f0fe6173181afceb89e7c659 -> 
  custom:scripting/monoscript/fileName/TimedObjectDestructor.cs: 2b9ef5c24d8ac1876bcac32bfbb70091 -> 
  custom:AudioImporter_EditorPlatform: d09bf68614088b80899f8185d706f6e7 -> 
  custom:scripting/monoscript/fileName/MobileControlRig.cs: edcf953c7c7f28c0e7c76ed3794b771a -> 
  custom:scripting/monoscript/fileName/ForcedReset.cs: 5ff613fa73995367b603682b60bcea24 -> 
  custom:scripting/monoscript/fileName/EventSystemChecker.cs: 8ff64b04718551a6bca2d6f2b6f6ea6e -> 
  custom:scripting/monoscript/fileName/VirtualInput.cs: dc5775c312c5ecb7052c36f3d3ca27fc -> 
  custom:scripting/monoscript/fileName/MouseLook.cs: 36c3836205aea061e755e4bcfebbe89c -> 
  custom:scripting/monoscript/fileName/SimpleActivatorMenu.cs: 1f886f09fd047de86975dc92f0781ec6 -> 
  custom:scripting/monoscript/fileName/FPSCounter.cs: 61325357dea45ada3313f117fe0f7127 -> 
  custom:scripting/monoscript/fileName/LerpControlledBob.cs: e1bf67f0a3095bf49332446dc0219443 -> 
  custom:scripting/monoscript/fileName/ButtonHandler.cs: bf99f15b4b4da7541cf1a3227d33dba4 -> 
  custom:video-encoder-webm-vp8: eb34c28f22e8b96e1ab97ce403110664 -> 
  custom:audio-decoder-ogg-vorbis: bf7c407c2cedff20999df2af8eb42d56 -> 
  custom:scripting/monoscript/fileName/AxisTouchButton.cs: a7aa800e764d8b80087fc24ac7f59d30 -> 
  custom:scripting/monoscript/fileName/FollowTarget.cs: b1a6ed13124065658ba5d24dfcda5053 -> 
  custom:scripting/monoscript/fileName/FirstPersonController.cs: 1e0da09e3242489bf669acc330e4a42a -> 
  custom:scripting/monoscript/fileName/Joystick.cs: 11af4b90318823aa68a285f0f2d513aa -> 
  custom:audio-encoder-webm-vorbis: bf7c407c2cedff20999df2af8eb42d56 -> 
  custom:scripting/monoscript/fileName/PlatformSpecificContent.cs: d80b16e46fa47259f162b60d4de03e39 -> 
  custom:scripting/monoscript/fileName/AutoMoveAndRotate.cs: cadb60ca81f0fa092bfbe6288b868ff7 -> 
  custom:scripting/monoscript/fileName/HeadBob.cs: 280e62205361a81182004909e3cfba7a -> 
  custom:scripting/monoscript/fileName/ObjectResetter.cs: 4729f3c5ec4320f6d42859ed0a7e4fcc -> 
========================================================================
Received Prepare
Caller must complete domain reload
Begin MonoManager ReloadAssembly
- Loaded All Assemblies, in  0.280 seconds
Native extension for WindowsStandalone target not found
[Package Manager] Server::EnsureServerProcessIsRunning -- launch failed, reason: Unity was launched with the -noUpm command-line argument
[Package Manager] UpmClient::Send -- Unable to send message (not connected to UPM process).
[Package Manager] Cannot connect to Unity Package Manager local server
Mono: successfully reloaded assembly
- Finished resetting the current domain, in  0.723 seconds
Domain Reload Profiling: 1002ms
	BeginReloadAssembly (99ms)
		ExecutionOrderSort (0ms)
		DisableScriptedObjects (3ms)
		BackupInstance (0ms)
		ReleaseScriptingObjects (0ms)
		CreateAndSetChildDomain (18ms)
	RebuildCommonClasses (21ms)
	RebuildNativeTypeToScriptingClass (6ms)
	initialDomainReloadingComplete (19ms)
	LoadAllAssembliesAndSetupDomain (134ms)
		LoadAssemblies (180ms)
		RebuildTransferFunctionScriptingTraits (0ms)
		AnalyzeDomain (9ms)
			TypeCache.Refresh (4ms)
				TypeCache.ScanAssembly (0ms)
			ScanForSourceGeneratedMonoScriptInfo (0ms)
			ResolveRequiredComponents (3ms)
	FinalizeReload (724ms)
		ReleaseScriptCaches (0ms)
		RebuildScriptCaches (0ms)
		SetupLoadedEditorAssemblies (357ms)
			LogAssemblyErrors (0ms)
			InitializePlatformSupportModulesInManaged (5ms)
			SetLoadedEditorAssemblies (3ms)
			RefreshPlugins (0ms)
			BeforeProcessingInitializeOnLoad (45ms)
			ProcessInitializeOnLoadAttributes (279ms)
			ProcessInitializeOnLoadMethodAttributes (20ms)
			AfterProcessingInitializeOnLoad (5ms)
			EditorAssembliesLoaded (0ms)
		ExecutionOrderSort2 (0ms)
		AwakeInstancesAfterBackupRestoration (6ms)
Refreshing native plugins compatible for Editor in 2.62 ms, found 3 plugins.
Preloading 0 native plugins for Editor in 0.00 ms.
Unloading 3130 Unused Serialized files (Serialized files now loaded: 0)
Unloading 14 unused Assets / (28.6 KB). Loaded Objects now: 3658.
Memory consumption went from 133.9 MB to 133.9 MB.
Total: 2.270000 ms (FindLiveObjects: 0.177200 ms CreateObjectMapping: 0.052200 ms MarkObjects: 1.987400 ms  DeleteObjects: 0.052200 ms)

Prepare: number of updated asset objects reloaded= 0
AssetImportParameters requested are different than current active one (requested -> active):
  custom:scripting/monoscript/fileName/MobileInput.cs: 916a9248ab1eb3f0d791859f028e70d8 -> 
  custom:scripting/monoscript/fileName/InputAxisScrollbar.cs: ac9f721155332e2772dc111905c4d583 -> 
  custom:container-demuxer-ogg: 62fdf1f143b41e24485cea50d1cbac27 -> 
  custom:scripting/monoscript/fileName/ActivateTrigger.cs: c17dbf6ebd3571655102669753f97191 -> 
  custom:scripting/monoscript/fileName/WaypointCircuit.cs: eb0e609150550e528225b682103b43f4 -> 
  custom:scripting/monoscript/fileName/ParticleSystemDestroyer.cs: 4a3ccd840619c24dbe6ed070600d5d9e -> 
  custom:scripting/monoscript/fileName/CrossPlatformInputInitialize.cs: 5298687dc61bd38df93e503be0cd027b -> 
  custom:scripting/monoscript/fileName/CrossPlatformInputManager.cs: 6de8af81d021eaf9393099950d116e92 -> 
  custom:scripting/monoscript/fileName/DragRigidbody.cs: 4603c3af3f13916f3fa935f6c699052a -> 
  custom:video-codec-MediaFoundation-h265: 746d11721c4dcdbdad8f713fa42b33f4 -> 
  custom:scripting/precompiled-assembly-types:Assembly-CSharp-Editor-firstpass: df2cb57b2e044dd624e2e45b210213b9 -> 
  custom:video-decoder-ogg-theora: a1e56fd34408186e4bbccfd4996cb3dc -> 
  custom:framework-win-MediaFoundation: 216162199b28c13a410421893ffa2e32 -> 
  custom:scripting/precompiled-assembly-types:Assembly-CSharp-firstpass: cee547ca4f19291e546b24039d43ec05 -> 
  custom:scripting/monoscript/fileName/TouchPad.cs: 6807f02d81a6bfd6af95f1e26dad1c08 -> 
  custom:scripting/monoscript/fileName/TiltInput.cs: 1820939af3f541157a2fe21edb2c5afd -> 
  custom:scripting/monoscript/fileName/RigidbodyFirstPersonController.cs: ace2a793a454b629c5b1d471baf52a02 -> 
  custom:scripting/monoscript/fileName/SmoothFollow.cs: 6827ffa1ee9ce151924316a12a17fd6f -> 
  custom:CustomObjectIndexerAttribute: 9a22284fe3817be447336de3de66b15e -> 
  custom:scripting/monoscript/fileName/DynamicShadowSettings.cs: 4d386fbb6170c62321b4d131fcbbb95b -> 
  custom:scripting/monoscript/fileName/CurveControlledBob.cs: fd3c34ca61c0dfb6328f54c1782436be -> 
  custom:scripting/monoscript/fileName/AutoMobileShaderSwitch.cs: 99d7aaf020e3cf1646695822196b7aba -> 
  custom:scripting/monoscript/fileName/AlphaButtonClickMask.cs: d9b1e64559b9156677fa9de4d563dc4f -> 
  custom:container-demuxer-webm: 4f35f7cbe854078d1ac9338744f61a02 -> 
  custom:scripting/monoscript/fileName/StandaloneInput.cs: 88b73dc74cc44043423a370601c3162d -> 
  custom:scripting/monoscript/fileName/FOVKick.cs: d136c86792778333cf463e29c8f7ade6 -> 
  custom:scripting/monoscript/fileName/TimedObjectActivator.cs: bb1df94b2d6347fcdbe73f799d3ca657 -> 
  custom:scripting/monoscript/fileName/WaypointProgressTracker.cs: 4258c6b0386daa037a45b680ab62a1e0 -> 
  custom:scripting/monoscript/fileName/SimpleMouseRotator.cs: dba573bcb546f175149e62ba814f5b72 -> 
  custom:container-muxer-webm: aa71ff27fc2769a1b78a27578f13a17b -> 
  custom:video-decoder-webm-vp8: 9c59270c3fd7afecdb556c50c9e8de78 -> 
  custom:scripting/monoscript/fileName/CameraRefocus.cs: ad0ece5675b71eb36894f0c255f332e4 -> 
  custom:SearchIndexIgnoredProperties: e643bd26f0fe6173181afceb89e7c659 -> 
  custom:scripting/monoscript/fileName/TimedObjectDestructor.cs: 2b9ef5c24d8ac1876bcac32bfbb70091 -> 
  custom:AudioImporter_EditorPlatform: d09bf68614088b80899f8185d706f6e7 -> 
  custom:scripting/monoscript/fileName/MobileControlRig.cs: edcf953c7c7f28c0e7c76ed3794b771a -> 
  custom:scripting/monoscript/fileName/ForcedReset.cs: 5ff613fa73995367b603682b60bcea24 -> 
  custom:scripting/monoscript/fileName/EventSystemChecker.cs: 8ff64b04718551a6bca2d6f2b6f6ea6e -> 
  custom:scripting/monoscript/fileName/VirtualInput.cs: dc5775c312c5ecb7052c36f3d3ca27fc -> 
  custom:scripting/monoscript/fileName/MouseLook.cs: 36c3836205aea061e755e4bcfebbe89c -> 
  custom:scripting/monoscript/fileName/SimpleActivatorMenu.cs: 1f886f09fd047de86975dc92f0781ec6 -> 
  custom:scripting/monoscript/fileName/FPSCounter.cs: 61325357dea45ada3313f117fe0f7127 -> 
  custom:scripting/monoscript/fileName/LerpControlledBob.cs: e1bf67f0a3095bf49332446dc0219443 -> 
  custom:scripting/monoscript/fileName/ButtonHandler.cs: bf99f15b4b4da7541cf1a3227d33dba4 -> 
  custom:video-encoder-webm-vp8: eb34c28f22e8b96e1ab97ce403110664 -> 
  custom:audio-decoder-ogg-vorbis: bf7c407c2cedff20999df2af8eb42d56 -> 
  custom:scripting/monoscript/fileName/AxisTouchButton.cs: a7aa800e764d8b80087fc24ac7f59d30 -> 
  custom:scripting/monoscript/fileName/FollowTarget.cs: b1a6ed13124065658ba5d24dfcda5053 -> 
  custom:scripting/monoscript/fileName/FirstPersonController.cs: 1e0da09e3242489bf669acc330e4a42a -> 
  custom:scripting/monoscript/fileName/Joystick.cs: 11af4b90318823aa68a285f0f2d513aa -> 
  custom:audio-encoder-webm-vorbis: bf7c407c2cedff20999df2af8eb42d56 -> 
  custom:scripting/monoscript/fileName/PlatformSpecificContent.cs: d80b16e46fa47259f162b60d4de03e39 -> 
  custom:scripting/monoscript/fileName/AutoMoveAndRotate.cs: cadb60ca81f0fa092bfbe6288b868ff7 -> 
  custom:scripting/monoscript/fileName/HeadBob.cs: 280e62205361a81182004909e3cfba7a -> 
  custom:scripting/monoscript/fileName/ObjectResetter.cs: 4729f3c5ec4320f6d42859ed0a7e4fcc -> 
